SF:D:\dev\projects\magnum_workspace\magnum-web\MagnumConsole\Program.cs
FN:11,System.Void Magnum.Consoles.Program::Main(System.String[])
FNDA:2,System.Void Magnum.Consoles.Program::Main(System.String[])
DA:12,2
DA:13,2
DA:14,1
DA:15,1
DA:16,1
DA:19,1
DA:20,1
DA:22,1
DA:23,1
DA:25,1
DA:26,2
BRDA:13,8,0,1
BRDA:13,8,1,1
LF:11
LH:11
BRF:2
BRH:2
FNF:1
FNH:1
end_of_record
SF:D:\dev\projects\magnum_workspace\magnum-web\MagnumConsole\Magnum\Consoles\Factories\FactoryConsoleApplication.cs
FN:13,System.Void Magnum.Consoles.Factories.FactoryConsoleApplication::addClassConfig(System.String,System.String)
FNDA:2,System.Void Magnum.Consoles.Factories.FactoryConsoleApplication::addClassConfig(System.String,System.String)
DA:14,2
DA:15,2
DA:16,2
FN:23,System.Void Magnum.Consoles.Factories.FactoryConsoleApplication::initClassMap()
FNDA:1,System.Void Magnum.Consoles.Factories.FactoryConsoleApplication::initClassMap()
DA:24,1
DA:25,1
DA:26,1
DA:27,1
FN:29,Magnum.Consoles.Commons.IConsoleApp Magnum.Consoles.Factories.FactoryConsoleApplication::CreateConsoleApplicationObject(System.String)
FNDA:6,Magnum.Consoles.Commons.IConsoleApp Magnum.Consoles.Factories.FactoryConsoleApplication::CreateConsoleApplicationObject(System.String)
DA:30,6
DA:31,6
DA:32,6
DA:33,1
DA:34,1
DA:37,5
DA:38,5
DA:40,5
DA:41,5
BRDA:32,24,0,1
BRDA:32,24,1,5
FN:10,System.Void Magnum.Consoles.Factories.FactoryConsoleApplication::.cctor()
FNDA:1,System.Void Magnum.Consoles.Factories.FactoryConsoleApplication::.cctor()
DA:11,1
DA:19,1
DA:20,1
DA:21,1
LF:20
LH:20
BRF:2
BRH:2
FNF:4
FNH:4
end_of_record
SF:D:\dev\projects\magnum_workspace\magnum-web\MagnumConsole\Magnum\Consoles\Commons\ConsoleAppBase.cs
FN:14,System.Void Magnum.Consoles.Commons.ConsoleAppBase::ClearArgument()
FNDA:4,System.Void Magnum.Consoles.Commons.ConsoleAppBase::ClearArgument()
DA:15,4
DA:16,4
DA:17,4
FN:19,System.Void Magnum.Consoles.Commons.ConsoleAppBase::AddArgument(System.String,System.String)
FNDA:25,System.Void Magnum.Consoles.Commons.ConsoleAppBase::AddArgument(System.String,System.String)
DA:20,25
DA:21,25
DA:22,25
FN:24,System.Int32 Magnum.Consoles.Commons.ConsoleAppBase::Run()
FNDA:3,System.Int32 Magnum.Consoles.Commons.ConsoleAppBase::Run()
DA:25,3
DA:26,3
DA:27,3
DA:28,3
FN:30,System.Void Magnum.Consoles.Commons.ConsoleAppBase::DumpParameter()
FNDA:1,System.Void Magnum.Consoles.Commons.ConsoleAppBase::DumpParameter()
DA:31,1
DA:32,17
DA:33,7
DA:34,7
DA:35,7
DA:36,7
DA:37,1
BRDA:32,72,1,7
BRDA:32,72,0,1
FN:39,System.Collections.Hashtable Magnum.Consoles.Commons.ConsoleAppBase::GetArguments()
FNDA:3,System.Collections.Hashtable Magnum.Consoles.Commons.ConsoleAppBase::GetArguments()
DA:40,3
DA:41,3
DA:42,3
FN:8,System.Void Magnum.Consoles.Commons.ConsoleAppBase::.ctor()
FNDA:5,System.Void Magnum.Consoles.Commons.ConsoleAppBase::.ctor()
DA:9,5
LF:21
LH:21
BRF:2
BRH:2
FNF:6
FNH:6
end_of_record
SF:D:\dev\projects\magnum_workspace\magnum-web\MagnumConsole\Magnum\Consoles\Commons\DummyApplication.cs
FN:19,NDesk.Options.OptionSet Magnum.Consoles.Commons.DummyApplication::CreateOptionSet()
FNDA:1,NDesk.Options.OptionSet Magnum.Consoles.Commons.DummyApplication::CreateOptionSet()
DA:20,1
DA:21,1
DA:22,1
DA:23,1
DA:24,1
FN:26,System.Int32 Magnum.Consoles.Commons.DummyApplication::Execute()
FNDA:1,System.Int32 Magnum.Consoles.Commons.DummyApplication::Execute()
DA:27,1
DA:28,1
DA:29,1
DA:30,1
LF:9
LH:9
BRF:0
BRH:0
FNF:2
FNH:2
end_of_record
SF:D:\dev\projects\magnum_workspace\magnum-web\MagnumConsole\Magnum\Consoles\Barcodes\BarcodeGenerator.cs
FN:31,System.Void Magnum.Consoles.Barcodes.BarcodeGenerator::BarcodeGenerateProgressUpdate(Magnum.Api.Models.MBarcode,System.String)
FNDA:20,System.Void Magnum.Consoles.Barcodes.BarcodeGenerator::BarcodeGenerateProgressUpdate(Magnum.Api.Models.MBarcode,System.String)
DA:32,20
DA:34,20
FN:36,System.Void Magnum.Consoles.Barcodes.BarcodeGenerator::SetUpdateProgressFunc(Magnum.Consoles.Barcodes.BarcodeGenerateProgress)
FNDA:1,System.Void Magnum.Consoles.Barcodes.BarcodeGenerator::SetUpdateProgressFunc(Magnum.Consoles.Barcodes.BarcodeGenerateProgress)
DA:37,1
DA:38,1
DA:39,1
FN:41,NDesk.Options.OptionSet Magnum.Consoles.Barcodes.BarcodeGenerator::CreateOptionSet()
FNDA:3,NDesk.Options.OptionSet Magnum.Consoles.Barcodes.BarcodeGenerator::CreateOptionSet()
DA:42,3
DA:43,3
DA:45,3
DA:46,3
DA:47,6
DA:48,6
DA:49,6
DA:50,6
DA:51,6
DA:52,6
DA:53,6
DA:54,3
DA:56,3
DA:57,3
FN:59,System.Void Magnum.Consoles.Barcodes.BarcodeGenerator::GenerateQR(Magnum.Api.Models.MBarcode,System.String)
FNDA:40,System.Void Magnum.Consoles.Barcodes.BarcodeGenerator::GenerateQR(Magnum.Api.Models.MBarcode,System.String)
DA:60,40
DA:61,40
DA:62,40
DA:64,40
DA:65,40
DA:66,40
DA:67,40
DA:70,40
DA:71,40
DA:72,40
DA:73,40
DA:75,40
DA:76,40
DA:77,40
FN:79,System.Void Magnum.Consoles.Barcodes.BarcodeGenerator::SetFilePerFoler(System.Int32)
FNDA:2,System.Void Magnum.Consoles.Barcodes.BarcodeGenerator::SetFilePerFoler(System.Int32)
DA:80,2
DA:81,2
DA:82,2
FN:84,System.Void Magnum.Consoles.Barcodes.BarcodeGenerator::SetProgressPerImage(System.Int32)
FNDA:2,System.Void Magnum.Consoles.Barcodes.BarcodeGenerator::SetProgressPerImage(System.Int32)
DA:85,2
DA:86,2
DA:87,2
FN:89,System.Int32 Magnum.Consoles.Barcodes.BarcodeGenerator::Execute()
FNDA:2,System.Int32 Magnum.Consoles.Barcodes.BarcodeGenerator::Execute()
DA:90,2
DA:91,2
DA:93,2
DA:95,2
DA:97,2
DA:98,2
DA:99,2
DA:101,2
DA:103,84
DA:104,40
DA:105,40
DA:106,40
DA:107,40
DA:108,2
DA:109,2
DA:110,2
DA:112,40
DA:113,40
DA:114,40
DA:116,40
DA:118,40
DA:119,20
DA:120,20
DA:121,20
DA:122,20
DA:123,40
DA:125,2
DA:126,2
DA:127,2
BRDA:103,371,1,40
BRDA:107,228,0,2
BRDA:107,228,1,40
BRDA:118,317,0,20
BRDA:118,317,1,40
BRDA:103,371,0,2
FN:20,System.Void Magnum.Consoles.Barcodes.BarcodeGenerator::.ctor()
FNDA:4,System.Void Magnum.Consoles.Barcodes.BarcodeGenerator::.ctor()
DA:21,4
DA:22,4
DA:24,4
DA:26,4
DA:27,4
DA:28,4
DA:29,4
LF:75
LH:75
BRF:6
BRH:6
FNF:8
FNH:8
end_of_record
SF:D:\dev\projects\magnum_workspace\magnum-web\MagnumCore\Magnum\Api\Utils\LibSetting.cs
FN:19,Magnum.Api.Utils.LibSetting Magnum.Api.Utils.LibSetting::GetInstance()
FNDA:2,Magnum.Api.Utils.LibSetting Magnum.Api.Utils.LibSetting::GetInstance()
DA:20,2
DA:21,2
DA:22,2
FN:26,System.Void Magnum.Api.Utils.LibSetting::set_Configuration(Microsoft.Extensions.Configuration.IConfigurationRoot)
FNDA:2,System.Void Magnum.Api.Utils.LibSetting::set_Configuration(Microsoft.Extensions.Configuration.IConfigurationRoot)
DA:27,2
DA:28,2
DA:29,2
DA:30,2
DA:32,2
DA:33,2
FN:35,Microsoft.Extensions.Configuration.IConfigurationRoot Magnum.Api.Utils.LibSetting::get_Configuration()
FNDA:1,Microsoft.Extensions.Configuration.IConfigurationRoot Magnum.Api.Utils.LibSetting::get_Configuration()
DA:36,1
DA:37,1
DA:38,1
FN:43,System.Void Magnum.Api.Utils.LibSetting::set_ConnectionString(System.String)
FNDA:1,System.Void Magnum.Api.Utils.LibSetting::set_ConnectionString(System.String)
DA:44,1
DA:45,1
DA:46,1
FN:48,System.String Magnum.Api.Utils.LibSetting::get_ConnectionString()
FNDA:2,System.String Magnum.Api.Utils.LibSetting::get_ConnectionString()
DA:49,2
DA:50,2
DA:51,2
FN:56,System.Void Magnum.Api.Utils.LibSetting::set_OAuthKey(System.String)
FNDA:1,System.Void Magnum.Api.Utils.LibSetting::set_OAuthKey(System.String)
DA:57,1
DA:58,1
DA:59,1
FN:61,System.String Magnum.Api.Utils.LibSetting::get_OAuthKey()
FNDA:2,System.String Magnum.Api.Utils.LibSetting::get_OAuthKey()
DA:62,2
DA:63,2
DA:64,2
FN:69,System.Void Magnum.Api.Utils.LibSetting::set_ExternalApplicationKey(System.String)
FNDA:1,System.Void Magnum.Api.Utils.LibSetting::set_ExternalApplicationKey(System.String)
DA:70,1
DA:71,1
DA:72,1
FN:74,System.String Magnum.Api.Utils.LibSetting::get_ExternalApplicationKey()
FNDA:2,System.String Magnum.Api.Utils.LibSetting::get_ExternalApplicationKey()
DA:75,2
DA:76,2
DA:77,2
FN:9,System.Void Magnum.Api.Utils.LibSetting::.ctor()
FNDA:1,System.Void Magnum.Api.Utils.LibSetting::.ctor()
DA:10,1
DA:11,1
DA:12,1
DA:13,1
DA:15,1
DA:16,1
DA:17,1
FN:7,System.Void Magnum.Api.Utils.LibSetting::.cctor()
FNDA:1,System.Void Magnum.Api.Utils.LibSetting::.cctor()
DA:8,1
LF:38
LH:38
BRF:0
BRH:0
FNF:11
FNH:11
end_of_record
SF:D:\dev\projects\magnum_workspace\magnum-web\MagnumCore\Magnum\Api\Utils\VersionUtils.cs
FN:8,System.String Magnum.Api.Utils.VersionUtils::GetVersion()
FNDA:1,System.String Magnum.Api.Utils.VersionUtils::GetVersion()
DA:9,1
DA:10,1
DA:11,1
DA:12,1
LF:4
LH:4
BRF:0
BRH:0
FNF:1
FNH:1
end_of_record
SF:D:\dev\projects\magnum_workspace\magnum-web\MagnumCore\Magnum\Api\Models\MBarcode.cs
FN:7,System.Int32 Magnum.Api.Models.MBarcode::get_BarcodeId()
FNDA:2,System.Int32 Magnum.Api.Models.MBarcode::get_BarcodeId()
DA:8,2
FN:8,System.Boolean Magnum.Api.Models.MBarcode::get_IsActivated()
FNDA:44,System.Boolean Magnum.Api.Models.MBarcode::get_IsActivated()
DA:9,44
FN:9,System.String Magnum.Api.Models.MBarcode::get_Product()
FNDA:86,System.String Magnum.Api.Models.MBarcode::get_Product()
DA:10,86
FN:10,System.String Magnum.Api.Models.MBarcode::get_BatchNo()
FNDA:128,System.String Magnum.Api.Models.MBarcode::get_BatchNo()
DA:11,128
FN:11,System.String Magnum.Api.Models.MBarcode::get_SerialNumber()
FNDA:190,System.String Magnum.Api.Models.MBarcode::get_SerialNumber()
DA:12,190
FN:12,System.String Magnum.Api.Models.MBarcode::get_Pin()
FNDA:190,System.String Magnum.Api.Models.MBarcode::get_Pin()
DA:13,190
FN:13,System.String Magnum.Api.Models.MBarcode::get_Barcode()
FNDA:2,System.String Magnum.Api.Models.MBarcode::get_Barcode()
DA:14,2
FN:14,System.String Magnum.Api.Models.MBarcode::get_Url()
FNDA:133,System.String Magnum.Api.Models.MBarcode::get_Url()
DA:15,133
FN:15,System.String Magnum.Api.Models.MBarcode::get_PayloadUrl()
FNDA:86,System.String Magnum.Api.Models.MBarcode::get_PayloadUrl()
DA:16,86
FN:16,System.DateTime Magnum.Api.Models.MBarcode::get_GeneratedDate()
FNDA:44,System.DateTime Magnum.Api.Models.MBarcode::get_GeneratedDate()
DA:17,44
LF:10
LH:10
BRF:0
BRH:0
FNF:10
FNH:10
end_of_record
SF:D:\dev\projects\magnum_workspace\magnum-web\MagnumCore\Magnum\Api\Models\MRegistration.cs
FN:7,System.Int32 Magnum.Api.Models.MRegistration::get_RegistrationId()
FNDA:2,System.Int32 Magnum.Api.Models.MRegistration::get_RegistrationId()
DA:8,2
FN:8,System.Int32 Magnum.Api.Models.MRegistration::get_BarcodeId()
FNDA:2,System.Int32 Magnum.Api.Models.MRegistration::get_BarcodeId()
DA:9,2
FN:9,System.DateTime Magnum.Api.Models.MRegistration::get_RegistrationDate()
FNDA:2,System.DateTime Magnum.Api.Models.MRegistration::get_RegistrationDate()
DA:10,2
FN:10,System.String Magnum.Api.Models.MRegistration::get_Status()
FNDA:2,System.String Magnum.Api.Models.MRegistration::get_Status()
DA:11,2
LF:4
LH:4
BRF:0
BRH:0
FNF:4
FNH:4
end_of_record
SF:D:\dev\projects\magnum_workspace\magnum-web\MagnumCore\Magnum\Api\Factories\FactoryBusinessOperation.cs
FN:15,System.Void Magnum.Api.Factories.FactoryBusinessOperation::addClassConfig(System.String,System.String)
FNDA:2,System.Void Magnum.Api.Factories.FactoryBusinessOperation::addClassConfig(System.String,System.String)
DA:16,2
DA:17,2
DA:18,2
FN:25,System.Void Magnum.Api.Factories.FactoryBusinessOperation::initClassMap()
FNDA:1,System.Void Magnum.Api.Factories.FactoryBusinessOperation::initClassMap()
DA:26,1
DA:27,1
DA:28,1
DA:29,1
FN:31,System.Void Magnum.Api.Factories.FactoryBusinessOperation::SetContext(System.String)
FNDA:1,System.Void Magnum.Api.Factories.FactoryBusinessOperation::SetContext(System.String)
DA:32,1
DA:33,1
DA:34,1
FN:36,System.Void Magnum.Api.Factories.FactoryBusinessOperation::SetContext(Firebase.Database.FirebaseClient)
FNDA:2,System.Void Magnum.Api.Factories.FactoryBusinessOperation::SetContext(Firebase.Database.FirebaseClient)
DA:37,2
DA:38,2
DA:39,2
FN:41,Firebase.Database.FirebaseClient Magnum.Api.Factories.FactoryBusinessOperation::GetContext()
FNDA:2,Firebase.Database.FirebaseClient Magnum.Api.Factories.FactoryBusinessOperation::GetContext()
DA:42,2
DA:43,2
DA:44,2
FN:46,Magnum.Api.Commons.Business.IBusinessOperation Magnum.Api.Factories.FactoryBusinessOperation::CreateBusinessOperationObject(System.String)
FNDA:7,Magnum.Api.Commons.Business.IBusinessOperation Magnum.Api.Factories.FactoryBusinessOperation::CreateBusinessOperationObject(System.String)
DA:47,7
DA:48,7
DA:49,7
DA:50,1
DA:51,1
DA:54,6
DA:55,6
DA:57,6
DA:59,6
DA:60,6
BRDA:49,24,0,1
BRDA:49,24,1,6
FN:11,System.Void Magnum.Api.Factories.FactoryBusinessOperation::.cctor()
FNDA:1,System.Void Magnum.Api.Factories.FactoryBusinessOperation::.cctor()
DA:12,1
DA:13,1
DA:21,1
DA:22,1
DA:23,1
LF:31
LH:31
BRF:2
BRH:2
FNF:7
FNH:7
end_of_record
SF:D:\dev\projects\magnum_workspace\magnum-web\MagnumCore\Magnum\Api\Commons\Business\BusinessOperationBase.cs
FN:10,System.Void Magnum.Api.Commons.Business.BusinessOperationBase::SetContext(Firebase.Database.FirebaseClient)
FNDA:6,System.Void Magnum.Api.Commons.Business.BusinessOperationBase::SetContext(Firebase.Database.FirebaseClient)
DA:11,6
DA:12,6
DA:13,6
FN:15,Firebase.Database.FirebaseClient Magnum.Api.Commons.Business.BusinessOperationBase::GetContext()
FNDA:1,Firebase.Database.FirebaseClient Magnum.Api.Commons.Business.BusinessOperationBase::GetContext()
DA:16,1
DA:17,1
DA:18,1
FN:7,System.Void Magnum.Api.Commons.Business.BusinessOperationBase::.ctor()
FNDA:6,System.Void Magnum.Api.Commons.Business.BusinessOperationBase::.ctor()
DA:8,6
LF:7
LH:7
BRF:0
BRH:0
FNF:3
FNH:3
end_of_record
SF:D:\dev\projects\magnum_workspace\magnum-web\MagnumCore\Magnum\Api\Businesses\Registrations\CreateRegistration.cs
FN:9,System.Int32 Magnum.Api.Businesses.Registrations.CreateRegistration::Apply(Magnum.Api.Models.MRegistration)
FNDA:1,System.Int32 Magnum.Api.Businesses.Registrations.CreateRegistration::Apply(Magnum.Api.Models.MRegistration)
DA:10,1
DA:11,1
DA:12,1
LF:3
LH:3
BRF:0
BRH:0
FNF:1
FNH:1
end_of_record
SF:D:\dev\projects\magnum_workspace\magnum-web\MagnumCore\Magnum\Api\Businesses\Barcodes\CreateBarcode.cs
FN:10,System.String Magnum.Api.Businesses.Barcodes.CreateBarcode::RandomString(System.Int32)
FNDA:42,System.String Magnum.Api.Businesses.Barcodes.CreateBarcode::RandomString(System.Int32)
DA:11,42
DA:12,42
DA:13,42
DA:15,924
DA:16,420
DA:17,420
DA:18,420
DA:19,420
DA:20,420
DA:22,42
DA:23,42
BRDA:15,85,1,420
BRDA:15,85,0,42
FN:25,System.String Magnum.Api.Businesses.Barcodes.CreateBarcode::RandomStringNum(System.Int32)
FNDA:42,System.String Magnum.Api.Businesses.Barcodes.CreateBarcode::RandomStringNum(System.Int32)
DA:26,42
DA:27,42
DA:28,42
DA:30,924
DA:31,420
DA:32,420
DA:33,420
DA:34,420
DA:35,420
DA:37,42
DA:38,42
BRDA:30,85,1,420
BRDA:30,85,0,42
FN:40,Magnum.Api.Models.MBarcode Magnum.Api.Businesses.Barcodes.CreateBarcode::Apply(Magnum.Api.Models.MBarcode)
FNDA:42,Magnum.Api.Models.MBarcode Magnum.Api.Businesses.Barcodes.CreateBarcode::Apply(Magnum.Api.Models.MBarcode)
DA:41,42
DA:42,42
DA:43,42
DA:44,42
DA:45,42
DA:46,42
DA:47,42
DA:49,42
DA:50,42
DA:51,42
DA:53,42
DA:54,42
LF:34
LH:34
BRF:4
BRH:4
FNF:3
FNH:3
end_of_record