SF:d:\dev\projects\magnum_workspace\magnum-web\MagnumConsole\Program.cs
FN:11,System.Void Magnum.Consoles.Program::Main(System.String[])
FNDA:2,System.Void Magnum.Consoles.Program::Main(System.String[])
DA:12,2
DA:13,2
DA:14,1
DA:15,1
DA:16,1
DA:19,1
DA:20,1
DA:22,1
DA:23,1
DA:25,1
DA:26,2
BRDA:13,8,0,1
BRDA:13,8,1,1
LF:11
LH:11
BRF:2
BRH:2
FNF:1
FNH:1
end_of_record
SF:d:\dev\projects\magnum_workspace\magnum-web\MagnumConsole\Magnum\Consoles\Registration\RegisterBarcodeApplication.cs
FN:20,NDesk.Options.OptionSet Magnum.Consoles.Registrations.RegisterBarcodeApplication::PopulateCustomOptionSet(NDesk.Options.OptionSet)
FNDA:3,NDesk.Options.OptionSet Magnum.Consoles.Registrations.RegisterBarcodeApplication::PopulateCustomOptionSet(NDesk.Options.OptionSet)
DA:21,3
DA:22,6
DA:23,6
DA:24,6
DA:25,6
DA:27,3
DA:28,3
FN:30,System.Int32 Magnum.Consoles.Registrations.RegisterBarcodeApplication::Execute()
FNDA:2,System.Int32 Magnum.Consoles.Registrations.RegisterBarcodeApplication::Execute()
DA:31,2
DA:32,2
DA:33,2
DA:34,2
DA:35,2
DA:36,2
DA:37,2
DA:38,2
DA:39,2
DA:40,2
DA:42,2
DA:43,2
DA:44,0
DA:45,0
DA:46,0
DA:48,2
DA:49,2
DA:51,2
DA:52,2
DA:53,2
DA:54,2
DA:55,2
DA:58,2
DA:59,2
DA:60,0
DA:61,0
DA:62,2
DA:63,2
DA:64,2
DA:65,2
DA:67,2
DA:68,2
BRDA:43,166,0,0
BRDA:43,166,1,2
FN:15,System.Void Magnum.Consoles.Registrations.RegisterBarcodeApplication::.ctor()
FNDA:3,System.Void Magnum.Consoles.Registrations.RegisterBarcodeApplication::.ctor()
DA:16,3
DA:17,3
DA:18,3
LF:42
LH:37
BRF:2
BRH:1
FNF:3
FNH:3
end_of_record
SF:d:\dev\projects\magnum_workspace\magnum-web\MagnumConsole\Magnum\Consoles\Products\ImportProductApplication.cs
FN:16,NDesk.Options.OptionSet Magnum.Consoles.Products.ImportProductApplication::PopulateCustomOptionSet(NDesk.Options.OptionSet)
FNDA:0,NDesk.Options.OptionSet Magnum.Consoles.Products.ImportProductApplication::PopulateCustomOptionSet(NDesk.Options.OptionSet)
DA:17,0
DA:18,0
DA:19,0
DA:21,0
DA:22,0
FN:24,System.Int32 Magnum.Consoles.Products.ImportProductApplication::Execute()
FNDA:0,System.Int32 Magnum.Consoles.Products.ImportProductApplication::Execute()
DA:25,0
DA:26,0
DA:27,0
DA:28,0
DA:30,0
DA:32,0
DA:33,0
DA:35,0
DA:36,0
DA:37,0
DA:38,0
DA:40,0
DA:41,0
DA:42,0
DA:43,0
DA:44,0
DA:46,0
DA:49,0
DA:50,0
DA:51,0
DA:52,0
DA:53,0
DA:54,0
DA:56,0
DA:57,0
DA:58,0
DA:60,0
DA:61,0
DA:62,0
DA:63,0
DA:64,0
DA:65,0
DA:66,0
DA:68,0
DA:69,0
BRDA:51,191,0,0
BRDA:51,191,1,0
LF:40
LH:0
BRF:2
BRH:0
FNF:2
FNH:0
end_of_record
SF:d:\dev\projects\magnum_workspace\magnum-web\MagnumConsole\Magnum\Consoles\Miscs\DummyApplication.cs
FN:9,NDesk.Options.OptionSet Magnum.Consoles.Miscs.DummyApplication::CreateOptionSet()
FNDA:1,NDesk.Options.OptionSet Magnum.Consoles.Miscs.DummyApplication::CreateOptionSet()
DA:10,1
DA:11,1
DA:12,1
DA:13,1
DA:14,1
DA:15,1
FN:17,NDesk.Options.OptionSet Magnum.Consoles.Miscs.DummyApplication::PopulateCustomOptionSet(NDesk.Options.OptionSet)
FNDA:1,NDesk.Options.OptionSet Magnum.Consoles.Miscs.DummyApplication::PopulateCustomOptionSet(NDesk.Options.OptionSet)
DA:18,1
DA:20,1
DA:21,1
FN:23,System.Int32 Magnum.Consoles.Miscs.DummyApplication::Execute()
FNDA:1,System.Int32 Magnum.Consoles.Miscs.DummyApplication::Execute()
DA:24,1
DA:25,1
DA:26,1
DA:27,1
LF:13
LH:13
BRF:0
BRH:0
FNF:3
FNH:3
end_of_record
SF:d:\dev\projects\magnum_workspace\magnum-web\MagnumConsole\Magnum\Consoles\Factories\FactoryConsoleApplication.cs
FN:13,System.Void Magnum.Consoles.Factories.FactoryConsoleApplication::addClassConfig(System.String,System.String)
FNDA:5,System.Void Magnum.Consoles.Factories.FactoryConsoleApplication::addClassConfig(System.String,System.String)
DA:14,5
DA:15,5
DA:16,5
FN:23,System.Void Magnum.Consoles.Factories.FactoryConsoleApplication::initClassMap()
FNDA:1,System.Void Magnum.Consoles.Factories.FactoryConsoleApplication::initClassMap()
DA:24,1
DA:25,1
DA:26,1
DA:27,1
DA:28,1
DA:30,1
DA:31,1
FN:33,Magnum.Consoles.Commons.IConsoleApp Magnum.Consoles.Factories.FactoryConsoleApplication::CreateConsoleApplicationObject(System.String)
FNDA:11,Magnum.Consoles.Commons.IConsoleApp Magnum.Consoles.Factories.FactoryConsoleApplication::CreateConsoleApplicationObject(System.String)
DA:34,11
DA:35,11
DA:36,11
DA:37,1
DA:38,1
DA:41,10
DA:42,10
DA:44,10
DA:45,10
BRDA:36,24,0,1
BRDA:36,24,1,10
FN:10,System.Void Magnum.Consoles.Factories.FactoryConsoleApplication::.cctor()
FNDA:1,System.Void Magnum.Consoles.Factories.FactoryConsoleApplication::.cctor()
DA:11,1
DA:19,1
DA:20,1
DA:21,1
LF:23
LH:23
BRF:2
BRH:2
FNF:4
FNH:4
end_of_record
SF:d:\dev\projects\magnum_workspace\magnum-web\MagnumConsole\Magnum\Consoles\Commons\ConsoleAppBase.cs
FN:18,NDesk.Options.OptionSet Magnum.Consoles.Commons.ConsoleAppBase::CreateOptionSet()
FNDA:8,NDesk.Options.OptionSet Magnum.Consoles.Commons.ConsoleAppBase::CreateOptionSet()
DA:19,8
DA:20,8
DA:22,8
DA:24,14
DA:25,14
DA:26,14
DA:27,14
DA:29,8
DA:31,8
DA:32,8
FN:34,System.Void Magnum.Consoles.Commons.ConsoleAppBase::ClearArgument()
FNDA:9,System.Void Magnum.Consoles.Commons.ConsoleAppBase::ClearArgument()
DA:35,9
DA:36,9
DA:37,9
FN:39,System.Void Magnum.Consoles.Commons.ConsoleAppBase::AddArgument(System.String,System.String)
FNDA:60,System.Void Magnum.Consoles.Commons.ConsoleAppBase::AddArgument(System.String,System.String)
DA:40,60
DA:41,60
DA:42,60
FN:44,System.Void Magnum.Consoles.Commons.ConsoleAppBase::SetNoSqlContext(Magnum.Api.NoSql.INoSqlContext)
FNDA:4,System.Void Magnum.Consoles.Commons.ConsoleAppBase::SetNoSqlContext(Magnum.Api.NoSql.INoSqlContext)
DA:45,4
DA:46,4
DA:47,4
FN:49,Magnum.Api.NoSql.INoSqlContext Magnum.Consoles.Commons.ConsoleAppBase::GetNoSqlContext()
FNDA:4,Magnum.Api.NoSql.INoSqlContext Magnum.Consoles.Commons.ConsoleAppBase::GetNoSqlContext()
DA:50,4
DA:51,4
DA:52,4
FN:54,Magnum.Api.NoSql.INoSqlContext Magnum.Consoles.Commons.ConsoleAppBase::GetNoSqlContextWithAuthen(System.String)
FNDA:0,Magnum.Api.NoSql.INoSqlContext Magnum.Consoles.Commons.ConsoleAppBase::GetNoSqlContextWithAuthen(System.String)
DA:55,0
DA:56,0
DA:57,0
DA:58,0
DA:59,0
DA:60,0
DA:61,0
DA:62,0
DA:63,0
DA:64,0
DA:66,0
DA:67,0
BRDA:57,19,0,0
BRDA:57,19,1,0
FN:69,System.Int32 Magnum.Consoles.Commons.ConsoleAppBase::Run()
FNDA:8,System.Int32 Magnum.Consoles.Commons.ConsoleAppBase::Run()
DA:70,8
DA:71,8
DA:72,7
DA:73,7
FN:75,System.Void Magnum.Consoles.Commons.ConsoleAppBase::DumpParameter()
FNDA:3,System.Void Magnum.Consoles.Commons.ConsoleAppBase::DumpParameter()
DA:76,3
DA:77,47
DA:78,19
DA:79,19
DA:80,19
DA:81,19
DA:82,3
BRDA:77,72,1,19
BRDA:77,72,0,3
FN:84,System.Collections.Hashtable Magnum.Consoles.Commons.ConsoleAppBase::GetArguments()
FNDA:8,System.Collections.Hashtable Magnum.Consoles.Commons.ConsoleAppBase::GetArguments()
DA:85,8
DA:86,8
DA:87,8
FN:89,Magnum.Api.NoSql.INoSqlContext Magnum.Consoles.Commons.ConsoleAppBase::GetNoSqlContext(System.String,System.String,System.String,System.String,System.String)
FNDA:2,Magnum.Api.NoSql.INoSqlContext Magnum.Consoles.Commons.ConsoleAppBase::GetNoSqlContext(System.String,System.String,System.String,System.String,System.String)
DA:90,2
DA:91,2
DA:92,2
DA:93,1
DA:94,1
DA:95,1
DA:96,0
DA:98,1
DA:99,1
BRDA:92,16,0,1
BRDA:92,16,1,1
FN:10,System.Void Magnum.Consoles.Commons.ConsoleAppBase::.ctor()
FNDA:12,System.Void Magnum.Consoles.Commons.ConsoleAppBase::.ctor()
DA:11,12
DA:12,12
LF:59
LH:46
BRF:6
BRH:4
FNF:11
FNH:10
end_of_record
SF:d:\dev\projects\magnum_workspace\magnum-web\MagnumConsole\Magnum\Consoles\Barcodes\BarcodeGeneratorApplication.cs
FN:33,System.Void Magnum.Consoles.Barcodes.BarcodeGeneratorApplication::BarcodeGenerateProgressUpdate(Magnum.Api.Models.MBarcode,System.String)
FNDA:2,System.Void Magnum.Consoles.Barcodes.BarcodeGeneratorApplication::BarcodeGenerateProgressUpdate(Magnum.Api.Models.MBarcode,System.String)
DA:34,2
DA:36,2
FN:38,System.Void Magnum.Consoles.Barcodes.BarcodeGeneratorApplication::SetUpdateProgressFunc(Magnum.Consoles.Barcodes.BarcodeGenerateProgress)
FNDA:1,System.Void Magnum.Consoles.Barcodes.BarcodeGeneratorApplication::SetUpdateProgressFunc(Magnum.Consoles.Barcodes.BarcodeGenerateProgress)
DA:39,1
DA:40,1
DA:41,1
FN:43,System.Void Magnum.Consoles.Barcodes.BarcodeGeneratorApplication::SetLabelGnerator(Magnum.Consoles.Barcodes.ImageGenerators.LabelGenerator)
FNDA:2,System.Void Magnum.Consoles.Barcodes.BarcodeGeneratorApplication::SetLabelGnerator(Magnum.Consoles.Barcodes.ImageGenerators.LabelGenerator)
DA:44,2
DA:45,2
DA:46,2
FN:48,NDesk.Options.OptionSet Magnum.Consoles.Barcodes.BarcodeGeneratorApplication::PopulateCustomOptionSet(NDesk.Options.OptionSet)
FNDA:3,NDesk.Options.OptionSet Magnum.Consoles.Barcodes.BarcodeGeneratorApplication::PopulateCustomOptionSet(NDesk.Options.OptionSet)
DA:49,3
DA:50,6
DA:51,6
DA:52,6
DA:53,6
DA:54,6
DA:56,3
DA:57,3
FN:59,System.Void Magnum.Consoles.Barcodes.BarcodeGeneratorApplication::SetFilePerFolder(System.Int32)
FNDA:2,System.Void Magnum.Consoles.Barcodes.BarcodeGeneratorApplication::SetFilePerFolder(System.Int32)
DA:60,2
DA:61,2
DA:62,2
FN:64,System.Void Magnum.Consoles.Barcodes.BarcodeGeneratorApplication::SetProgressPerImage(System.Int32)
FNDA:2,System.Void Magnum.Consoles.Barcodes.BarcodeGeneratorApplication::SetProgressPerImage(System.Int32)
DA:65,2
DA:66,2
DA:67,2
FN:69,System.Int32 Magnum.Consoles.Barcodes.BarcodeGeneratorApplication::Execute()
FNDA:2,System.Int32 Magnum.Consoles.Barcodes.BarcodeGeneratorApplication::Execute()
DA:70,2
DA:71,2
DA:72,2
DA:73,2
DA:74,2
DA:75,2
DA:76,2
DA:77,2
DA:78,2
DA:80,2
DA:82,2
DA:83,2
DA:84,0
DA:85,0
DA:86,0
DA:88,2
DA:89,2
DA:91,2
DA:93,2
DA:94,2
DA:95,2
DA:97,2
DA:99,2
DA:100,2
DA:102,10
DA:103,3
DA:104,3
DA:105,3
DA:106,3
DA:107,3
DA:108,2
DA:109,2
DA:110,2
DA:112,3
DA:113,3
DA:114,3
DA:115,3
DA:116,3
DA:118,3
DA:119,3
DA:120,3
DA:122,3
DA:124,3
DA:125,1
DA:126,1
DA:127,1
DA:128,1
DA:129,3
DA:131,2
DA:132,2
DA:133,2
DA:134,2
BRDA:83,162,0,0
BRDA:83,162,1,2
BRDA:102,714,1,3
BRDA:107,437,0,2
BRDA:107,437,1,3
BRDA:124,658,0,1
BRDA:124,658,1,3
BRDA:102,714,0,2
FN:20,System.Void Magnum.Consoles.Barcodes.BarcodeGeneratorApplication::.ctor()
FNDA:4,System.Void Magnum.Consoles.Barcodes.BarcodeGeneratorApplication::.ctor()
DA:21,4
DA:23,4
DA:24,4
DA:26,4
DA:28,4
DA:29,4
DA:30,4
DA:31,4
LF:82
LH:79
BRF:8
BRH:7
FNF:8
FNH:8
end_of_record
SF:d:\dev\projects\magnum_workspace\magnum-web\MagnumConsole\Magnum\Consoles\Barcodes\QRGeneratorApplication.cs
FN:21,System.Void Magnum.Consoles.Barcodes.QRGeneratorApplication::SetQrGnerator(Magnum.Consoles.Barcodes.ImageGenerators.QRGenerator)
FNDA:1,System.Void Magnum.Consoles.Barcodes.QRGeneratorApplication::SetQrGnerator(Magnum.Consoles.Barcodes.ImageGenerators.QRGenerator)
DA:22,1
DA:23,1
DA:24,1
FN:26,NDesk.Options.OptionSet Magnum.Consoles.Barcodes.QRGeneratorApplication::PopulateCustomOptionSet(NDesk.Options.OptionSet)
FNDA:2,NDesk.Options.OptionSet Magnum.Consoles.Barcodes.QRGeneratorApplication::PopulateCustomOptionSet(NDesk.Options.OptionSet)
DA:27,2
DA:28,2
DA:29,4
DA:30,4
DA:32,2
DA:33,2
FN:35,System.Int32 Magnum.Consoles.Barcodes.QRGeneratorApplication::Execute()
FNDA:1,System.Int32 Magnum.Consoles.Barcodes.QRGeneratorApplication::Execute()
DA:36,1
DA:37,1
DA:38,1
DA:39,1
DA:41,1
DA:43,1
DA:44,1
DA:45,1
DA:46,1
DA:47,1
DA:48,1
DA:50,1
DA:51,1
DA:52,1
DA:53,1
DA:55,1
DA:57,1
DA:58,1
FN:14,System.Void Magnum.Consoles.Barcodes.QRGeneratorApplication::.ctor()
FNDA:2,System.Void Magnum.Consoles.Barcodes.QRGeneratorApplication::.ctor()
DA:15,2
DA:17,2
DA:18,2
DA:19,2
LF:31
LH:31
BRF:0
BRH:0
FNF:4
FNH:4
end_of_record
SF:d:\dev\projects\magnum_workspace\magnum-web\MagnumConsole\Magnum\Consoles\Barcodes\Profiles\CompanyQR.cs
FN:10,System.Void Magnum.Consoles.Barcodes.Profiles.CompanyQR::CustomSetting()
FNDA:2,System.Void Magnum.Consoles.Barcodes.Profiles.CompanyQR::CustomSetting()
DA:11,2
DA:12,2
DA:13,2
DA:15,2
DA:16,2
DA:17,2
LF:6
LH:6
BRF:0
BRH:0
FNF:1
FNH:1
end_of_record
SF:d:\dev\projects\magnum_workspace\magnum-web\MagnumConsole\Magnum\Consoles\Barcodes\Profiles\ForQrTestingOnly.cs
FN:10,System.Void Magnum.Consoles.Barcodes.Profiles.ForQrTestingOnly::CustomSetting()
FNDA:3,System.Void Magnum.Consoles.Barcodes.Profiles.ForQrTestingOnly::CustomSetting()
DA:11,3
DA:12,3
DA:13,3
DA:14,3
DA:15,3
DA:16,3
DA:17,3
DA:18,3
DA:19,3
DA:22,3
DA:23,3
DA:24,3
DA:26,3
DA:28,3
DA:29,3
DA:30,3
DA:31,3
LF:17
LH:17
BRF:0
BRH:0
FNF:1
FNH:1
end_of_record
SF:d:\dev\projects\magnum_workspace\magnum-web\MagnumConsole\Magnum\Consoles\Barcodes\Profiles\ForTestingOnly.cs
FN:10,System.Void Magnum.Consoles.Barcodes.Profiles.ForTestingOnly::CustomSetting()
FNDA:5,System.Void Magnum.Consoles.Barcodes.Profiles.ForTestingOnly::CustomSetting()
DA:11,5
DA:12,5
DA:13,5
DA:14,5
DA:15,5
DA:16,5
DA:17,5
DA:18,5
DA:19,5
DA:20,5
DA:21,5
DA:24,5
DA:25,5
DA:26,5
DA:28,5
DA:30,5
DA:31,5
DA:32,5
LF:18
LH:18
BRF:0
BRH:0
FNF:1
FNH:1
end_of_record
SF:d:\dev\projects\magnum_workspace\magnum-web\MagnumConsole\Magnum\Consoles\Barcodes\Profiles\NandroPlex300.cs
FN:9,System.Void Magnum.Consoles.Barcodes.Profiles.NandroPlex300::CustomSetting()
FNDA:2,System.Void Magnum.Consoles.Barcodes.Profiles.NandroPlex300::CustomSetting()
DA:10,2
DA:11,2
DA:12,2
DA:13,2
LF:4
LH:4
BRF:0
BRH:0
FNF:1
FNH:1
end_of_record
SF:d:\dev\projects\magnum_workspace\magnum-web\MagnumConsole\Magnum\Consoles\Barcodes\Profiles\Oxandro10.cs
FN:9,System.Void Magnum.Consoles.Barcodes.Profiles.Oxandro10::CustomSetting()
FNDA:2,System.Void Magnum.Consoles.Barcodes.Profiles.Oxandro10::CustomSetting()
DA:10,2
DA:11,2
DA:12,2
DA:13,2
LF:4
LH:4
BRF:0
BRH:0
FNF:1
FNH:1
end_of_record
SF:d:\dev\projects\magnum_workspace\magnum-web\MagnumConsole\Magnum\Consoles\Barcodes\Profiles\TestPlex300.cs
FN:9,System.Void Magnum.Consoles.Barcodes.Profiles.TestPlex300::CustomSetting()
FNDA:2,System.Void Magnum.Consoles.Barcodes.Profiles.TestPlex300::CustomSetting()
DA:10,2
DA:11,2
DA:12,2
DA:13,2
LF:4
LH:4
BRF:0
BRH:0
FNF:1
FNH:1
end_of_record
SF:d:\dev\projects\magnum_workspace\magnum-web\MagnumConsole\Magnum\Consoles\Barcodes\ImageGenerators\LabelGenerator.cs
FN:21,System.Void Magnum.Consoles.Barcodes.ImageGenerators.LabelGenerator::CustomSetup()
FNDA:2,System.Void Magnum.Consoles.Barcodes.ImageGenerators.LabelGenerator::CustomSetup()
DA:22,2
DA:23,2
DA:24,2
DA:25,2
DA:27,2
DA:28,2
DA:29,2
DA:30,2
FN:32,System.Void Magnum.Consoles.Barcodes.ImageGenerators.LabelGenerator::SetHtmlConverter(Magnum.Consoles.Barcodes.HtmlConverters.IHtmlConverter)
FNDA:2,System.Void Magnum.Consoles.Barcodes.ImageGenerators.LabelGenerator::SetHtmlConverter(Magnum.Consoles.Barcodes.HtmlConverters.IHtmlConverter)
DA:33,2
DA:34,2
DA:35,2
FN:37,System.Void Magnum.Consoles.Barcodes.ImageGenerators.LabelGenerator::TemplateParsing(Magnum.Api.Models.BaseModel,System.String)
FNDA:3,System.Void Magnum.Consoles.Barcodes.ImageGenerators.LabelGenerator::TemplateParsing(Magnum.Api.Models.BaseModel,System.String)
DA:38,3
DA:39,3
DA:40,3
DA:41,3
FN:43,System.String Magnum.Consoles.Barcodes.ImageGenerators.LabelGenerator::ProcessVariable(System.Text.RegularExpressions.Match)
FNDA:15,System.String Magnum.Consoles.Barcodes.ImageGenerators.LabelGenerator::ProcessVariable(System.Text.RegularExpressions.Match)
DA:44,15
DA:45,15
DA:46,15
DA:48,15
DA:49,3
DA:50,3
DA:51,3
DA:52,12
DA:53,3
DA:54,3
DA:55,3
DA:56,9
DA:57,3
DA:58,3
DA:59,3
DA:60,6
DA:61,3
DA:62,3
DA:63,3
DA:64,3
DA:65,3
DA:66,3
DA:67,3
DA:69,15
DA:70,15
BRDA:48,42,0,3
BRDA:48,42,1,12
BRDA:52,73,0,3
BRDA:52,73,1,9
BRDA:56,106,0,3
BRDA:56,106,1,6
BRDA:60,139,0,3
BRDA:60,139,1,3
BRDA:64,172,0,3
BRDA:64,172,1,15
FN:72,System.IO.MemoryStream Magnum.Consoles.Barcodes.ImageGenerators.LabelGenerator::RenderToStream(Magnum.Api.Models.BaseModel)
FNDA:3,System.IO.MemoryStream Magnum.Consoles.Barcodes.ImageGenerators.LabelGenerator::RenderToStream(Magnum.Api.Models.BaseModel)
DA:73,3
DA:74,3
DA:76,3
DA:77,3
DA:79,3
DA:80,3
DA:81,3
FN:83,System.Void Magnum.Consoles.Barcodes.ImageGenerators.LabelGenerator::CustomCleanup()
FNDA:2,System.Void Magnum.Consoles.Barcodes.ImageGenerators.LabelGenerator::CustomCleanup()
DA:84,2
DA:86,2
FN:88,System.Void Magnum.Consoles.Barcodes.ImageGenerators.LabelGenerator::SaveToFile(System.IO.MemoryStream,System.String)
FNDA:3,System.Void Magnum.Consoles.Barcodes.ImageGenerators.LabelGenerator::SaveToFile(System.IO.MemoryStream,System.String)
DA:89,3
DA:90,3
DA:91,3
DA:93,3
DA:94,3
FN:14,System.Void Magnum.Consoles.Barcodes.ImageGenerators.LabelGenerator::.ctor()
FNDA:6,System.Void Magnum.Consoles.Barcodes.ImageGenerators.LabelGenerator::.ctor()
DA:15,6
DA:17,6
DA:18,6
DA:19,6
LF:58
LH:58
BRF:10
BRH:10
FNF:8
FNH:8
end_of_record
SF:d:\dev\projects\magnum_workspace\magnum-web\MagnumConsole\Magnum\Consoles\Barcodes\ImageGenerators\QRGenerator.cs
FN:21,System.Void Magnum.Consoles.Barcodes.ImageGenerators.QRGenerator::CustomSetup()
FNDA:1,System.Void Magnum.Consoles.Barcodes.ImageGenerators.QRGenerator::CustomSetup()
DA:22,1
DA:23,1
DA:24,1
DA:25,1
DA:27,1
DA:28,1
DA:29,1
DA:30,1
FN:32,System.Void Magnum.Consoles.Barcodes.ImageGenerators.QRGenerator::SetHtmlConverter(Magnum.Consoles.Barcodes.HtmlConverters.IHtmlConverter)
FNDA:1,System.Void Magnum.Consoles.Barcodes.ImageGenerators.QRGenerator::SetHtmlConverter(Magnum.Consoles.Barcodes.HtmlConverters.IHtmlConverter)
DA:33,1
DA:34,1
DA:35,1
FN:37,System.Void Magnum.Consoles.Barcodes.ImageGenerators.QRGenerator::TemplateParsing(Magnum.Api.Models.BaseModel,System.String)
FNDA:1,System.Void Magnum.Consoles.Barcodes.ImageGenerators.QRGenerator::TemplateParsing(Magnum.Api.Models.BaseModel,System.String)
DA:38,1
DA:39,1
DA:40,1
DA:41,1
FN:43,System.String Magnum.Consoles.Barcodes.ImageGenerators.QRGenerator::ProcessVariable(System.Text.RegularExpressions.Match)
FNDA:3,System.String Magnum.Consoles.Barcodes.ImageGenerators.QRGenerator::ProcessVariable(System.Text.RegularExpressions.Match)
DA:44,3
DA:45,3
DA:46,3
DA:48,3
DA:49,1
DA:50,1
DA:51,1
DA:52,2
DA:53,1
DA:54,1
DA:55,1
DA:56,1
DA:57,1
DA:58,1
DA:59,1
DA:61,3
DA:62,3
BRDA:48,42,0,1
BRDA:48,42,1,2
BRDA:52,73,0,1
BRDA:52,73,1,1
BRDA:56,106,0,1
BRDA:56,106,1,3
FN:64,System.IO.MemoryStream Magnum.Consoles.Barcodes.ImageGenerators.QRGenerator::RenderToStream(Magnum.Api.Models.BaseModel)
FNDA:1,System.IO.MemoryStream Magnum.Consoles.Barcodes.ImageGenerators.QRGenerator::RenderToStream(Magnum.Api.Models.BaseModel)
DA:65,1
DA:66,1
DA:68,1
DA:69,1
DA:70,1
DA:72,1
DA:73,1
FN:75,System.Void Magnum.Consoles.Barcodes.ImageGenerators.QRGenerator::CustomCleanup()
FNDA:1,System.Void Magnum.Consoles.Barcodes.ImageGenerators.QRGenerator::CustomCleanup()
DA:76,1
DA:78,1
FN:80,System.Void Magnum.Consoles.Barcodes.ImageGenerators.QRGenerator::SaveToFile(System.IO.MemoryStream,System.String)
FNDA:1,System.Void Magnum.Consoles.Barcodes.ImageGenerators.QRGenerator::SaveToFile(System.IO.MemoryStream,System.String)
DA:81,1
DA:82,1
DA:83,1
DA:85,1
DA:86,1
FN:15,System.Void Magnum.Consoles.Barcodes.ImageGenerators.QRGenerator::.ctor()
FNDA:3,System.Void Magnum.Consoles.Barcodes.ImageGenerators.QRGenerator::.ctor()
DA:16,3
DA:17,3
DA:18,3
DA:19,3
LF:50
LH:50
BRF:6
BRH:6
FNF:8
FNH:8
end_of_record
SF:d:\dev\projects\magnum_workspace\magnum-web\MagnumConsole\Magnum\Consoles\Barcodes\HtmlConverters\Html2ImageConverter.cs
FN:13,System.Void Magnum.Consoles.Barcodes.HtmlConverters.Html2ImageConverter::SetWidth(System.Int32)
FNDA:1,System.Void Magnum.Consoles.Barcodes.HtmlConverters.Html2ImageConverter::SetWidth(System.Int32)
DA:14,1
DA:15,1
DA:16,1
FN:18,System.Void Magnum.Consoles.Barcodes.HtmlConverters.Html2ImageConverter::SetImageFormat(System.Int32)
FNDA:2,System.Void Magnum.Consoles.Barcodes.HtmlConverters.Html2ImageConverter::SetImageFormat(System.Int32)
DA:19,2
DA:20,2
DA:21,1
DA:22,1
DA:23,1
DA:25,1
DA:26,1
DA:27,1
DA:28,2
BRDA:20,7,0,1
BRDA:20,7,1,1
FN:30,System.Void Magnum.Consoles.Barcodes.HtmlConverters.Html2ImageConverter::SetImageQuality(System.Int32)
FNDA:1,System.Void Magnum.Consoles.Barcodes.HtmlConverters.Html2ImageConverter::SetImageQuality(System.Int32)
DA:31,1
DA:32,1
DA:33,1
FN:35,System.Byte[] Magnum.Consoles.Barcodes.HtmlConverters.Html2ImageConverter::FromHtmlString(System.String)
FNDA:0,System.Byte[] Magnum.Consoles.Barcodes.HtmlConverters.Html2ImageConverter::FromHtmlString(System.String)
DA:36,0
DA:37,0
DA:38,0
DA:39,0
FN:7,System.Void Magnum.Consoles.Barcodes.HtmlConverters.Html2ImageConverter::.ctor()
FNDA:10,System.Void Magnum.Consoles.Barcodes.HtmlConverters.Html2ImageConverter::.ctor()
DA:8,10
DA:9,10
DA:10,10
DA:11,10
LF:23
LH:19
BRF:2
BRH:2
FNF:5
FNH:4
end_of_record
SF:d:\dev\projects\magnum_workspace\magnum-web\MagnumConsole\Magnum\Consoles\Barcodes\Commons\BarcodeProfileBase.cs
FN:6,System.String Magnum.Consoles.Barcodes.Commons.BarcodeProfileBase::get_TemplateFile()
FNDA:18,System.String Magnum.Consoles.Barcodes.Commons.BarcodeProfileBase::get_TemplateFile()
DA:7,18
FN:8,System.String Magnum.Consoles.Barcodes.Commons.BarcodeProfileBase::get_Barcode()
FNDA:14,System.String Magnum.Consoles.Barcodes.Commons.BarcodeProfileBase::get_Barcode()
DA:9,14
FN:10,System.String Magnum.Consoles.Barcodes.Commons.BarcodeProfileBase::get_Product()
FNDA:14,System.String Magnum.Consoles.Barcodes.Commons.BarcodeProfileBase::get_Product()
DA:11,14
FN:11,System.String Magnum.Consoles.Barcodes.Commons.BarcodeProfileBase::get_CompanyWebSite()
FNDA:17,System.String Magnum.Consoles.Barcodes.Commons.BarcodeProfileBase::get_CompanyWebSite()
DA:12,17
FN:16,System.Void Magnum.Consoles.Barcodes.Commons.BarcodeProfileBase::Setup()
FNDA:11,System.Void Magnum.Consoles.Barcodes.Commons.BarcodeProfileBase::Setup()
DA:17,11
DA:18,11
DA:19,11
DA:21,11
DA:22,11
LF:9
LH:9
BRF:0
BRH:0
FNF:5
FNH:5
end_of_record
SF:d:\dev\projects\magnum_workspace\magnum-web\MagnumConsole\Magnum\Consoles\Barcodes\Commons\BarcodeProfileFactory.cs
FN:11,System.Void Magnum.Consoles.Barcodes.Commons.BarcodeProfileFactory::addClassConfig(System.String,System.String)
FNDA:6,System.Void Magnum.Consoles.Barcodes.Commons.BarcodeProfileFactory::addClassConfig(System.String,System.String)
DA:12,6
DA:13,6
DA:14,6
FN:21,System.Void Magnum.Consoles.Barcodes.Commons.BarcodeProfileFactory::initClassMap()
FNDA:1,System.Void Magnum.Consoles.Barcodes.Commons.BarcodeProfileFactory::initClassMap()
DA:22,1
DA:23,1
DA:24,1
DA:26,1
DA:27,1
DA:28,1
DA:29,1
DA:30,1
FN:32,Magnum.Consoles.Barcodes.Commons.IBarcodeProfile Magnum.Consoles.Barcodes.Commons.BarcodeProfileFactory::CreateBarcodeProfileObject(System.String)
FNDA:11,Magnum.Consoles.Barcodes.Commons.IBarcodeProfile Magnum.Consoles.Barcodes.Commons.BarcodeProfileFactory::CreateBarcodeProfileObject(System.String)
DA:33,11
DA:34,11
DA:35,11
DA:36,1
DA:37,1
DA:40,10
DA:41,10
DA:42,10
DA:44,10
DA:45,10
BRDA:35,24,0,1
BRDA:35,24,1,10
FN:47,System.Collections.Hashtable Magnum.Consoles.Barcodes.Commons.BarcodeProfileFactory::GetKnownClassList()
FNDA:1,System.Collections.Hashtable Magnum.Consoles.Barcodes.Commons.BarcodeProfileFactory::GetKnownClassList()
DA:48,1
DA:49,1
DA:50,1
FN:8,System.Void Magnum.Consoles.Barcodes.Commons.BarcodeProfileFactory::.cctor()
FNDA:1,System.Void Magnum.Consoles.Barcodes.Commons.BarcodeProfileFactory::.cctor()
DA:9,1
DA:17,1
DA:18,1
DA:19,1
LF:28
LH:28
BRF:2
BRH:2
FNF:5
FNH:5
end_of_record
SF:d:\dev\projects\magnum_workspace\magnum-web\MagnumConsole\Magnum\Consoles\Barcodes\Commons\ImageGeneratorBase.cs
FN:15,System.String Magnum.Consoles.Barcodes.Commons.ImageGeneratorBase::get_TemplateFile()
FNDA:6,System.String Magnum.Consoles.Barcodes.Commons.ImageGeneratorBase::get_TemplateFile()
DA:16,6
FN:18,System.Void Magnum.Consoles.Barcodes.Commons.ImageGeneratorBase::Setup()
FNDA:3,System.Void Magnum.Consoles.Barcodes.Commons.ImageGeneratorBase::Setup()
DA:19,3
DA:21,3
DA:22,3
FN:24,System.Void Magnum.Consoles.Barcodes.Commons.ImageGeneratorBase::Cleanup()
FNDA:3,System.Void Magnum.Consoles.Barcodes.Commons.ImageGeneratorBase::Cleanup()
DA:25,3
DA:27,3
DA:28,3
FN:32,System.Void Magnum.Consoles.Barcodes.Commons.ImageGeneratorBase::RenderToFile(Magnum.Api.Models.BaseModel,System.String)
FNDA:4,System.Void Magnum.Consoles.Barcodes.Commons.ImageGeneratorBase::RenderToFile(Magnum.Api.Models.BaseModel,System.String)
DA:33,4
DA:34,4
DA:35,4
DA:37,4
DA:38,4
DA:39,4
FN:41,System.String Magnum.Consoles.Barcodes.Commons.ImageGeneratorBase::CreateQR(System.String,System.String)
FNDA:4,System.String Magnum.Consoles.Barcodes.Commons.ImageGeneratorBase::CreateQR(System.String,System.String)
DA:42,4
DA:43,4
DA:44,4
DA:46,4
DA:47,4
DA:49,4
DA:50,4
DA:51,4
DA:52,4
DA:54,4
DA:55,4
DA:56,4
DA:58,4
DA:59,4
FN:61,System.IO.MemoryStream Magnum.Consoles.Barcodes.Commons.ImageGeneratorBase::ParseTemplate(Magnum.Consoles.Barcodes.HtmlConverters.IHtmlConverter,System.Collections.Generic.List`1<System.String>,Magnum.Api.Models.BaseModel,System.String)
FNDA:4,System.IO.MemoryStream Magnum.Consoles.Barcodes.Commons.ImageGeneratorBase::ParseTemplate(Magnum.Consoles.Barcodes.HtmlConverters.IHtmlConverter,System.Collections.Generic.List`1<System.String>,Magnum.Api.Models.BaseModel,System.String)
DA:62,4
DA:63,4
DA:65,4
DA:66,4
DA:68,4
DA:69,80
DA:70,34
DA:71,34
DA:72,34
DA:73,34
DA:75,4
DA:76,4
DA:78,4
DA:80,4
DA:81,4
BRDA:69,95,1,34
BRDA:69,95,0,4
LF:42
LH:42
BRF:2
BRH:2
FNF:6
FNH:6
end_of_record
SF:d:\dev\projects\magnum_workspace\magnum-web\MagnumConsole\Magnum\Consoles\Barcodes\Commons\QRProfileBase.cs
FN:6,System.String Magnum.Consoles.Barcodes.Commons.QRProfileBase::get_TemplateFile()
FNDA:6,System.String Magnum.Consoles.Barcodes.Commons.QRProfileBase::get_TemplateFile()
DA:7,6
FN:7,System.String Magnum.Consoles.Barcodes.Commons.QRProfileBase::get_Message1()
FNDA:6,System.String Magnum.Consoles.Barcodes.Commons.QRProfileBase::get_Message1()
DA:8,6
FN:8,System.String Magnum.Consoles.Barcodes.Commons.QRProfileBase::get_Message2()
FNDA:6,System.String Magnum.Consoles.Barcodes.Commons.QRProfileBase::get_Message2()
DA:9,6
FN:9,System.String Magnum.Consoles.Barcodes.Commons.QRProfileBase::get_CompanyWebSite()
FNDA:6,System.String Magnum.Consoles.Barcodes.Commons.QRProfileBase::get_CompanyWebSite()
DA:10,6
FN:14,System.Void Magnum.Consoles.Barcodes.Commons.QRProfileBase::Setup()
FNDA:5,System.Void Magnum.Consoles.Barcodes.Commons.QRProfileBase::Setup()
DA:15,5
DA:16,5
DA:17,5
LF:7
LH:7
BRF:0
BRH:0
FNF:5
FNH:5
end_of_record
SF:d:\dev\projects\magnum_workspace\magnum-web\MagnumCore\Magnum\Api\Utils\LibSetting.cs
FN:19,Magnum.Api.Utils.LibSetting Magnum.Api.Utils.LibSetting::GetInstance()
FNDA:2,Magnum.Api.Utils.LibSetting Magnum.Api.Utils.LibSetting::GetInstance()
DA:20,2
DA:21,2
DA:22,2
FN:26,System.Void Magnum.Api.Utils.LibSetting::set_Configuration(Microsoft.Extensions.Configuration.IConfigurationRoot)
FNDA:2,System.Void Magnum.Api.Utils.LibSetting::set_Configuration(Microsoft.Extensions.Configuration.IConfigurationRoot)
DA:27,2
DA:28,2
DA:29,2
DA:30,2
DA:32,2
DA:33,2
FN:35,Microsoft.Extensions.Configuration.IConfigurationRoot Magnum.Api.Utils.LibSetting::get_Configuration()
FNDA:1,Microsoft.Extensions.Configuration.IConfigurationRoot Magnum.Api.Utils.LibSetting::get_Configuration()
DA:36,1
DA:37,1
DA:38,1
FN:43,System.Void Magnum.Api.Utils.LibSetting::set_ConnectionString(System.String)
FNDA:1,System.Void Magnum.Api.Utils.LibSetting::set_ConnectionString(System.String)
DA:44,1
DA:45,1
DA:46,1
FN:48,System.String Magnum.Api.Utils.LibSetting::get_ConnectionString()
FNDA:2,System.String Magnum.Api.Utils.LibSetting::get_ConnectionString()
DA:49,2
DA:50,2
DA:51,2
FN:56,System.Void Magnum.Api.Utils.LibSetting::set_OAuthKey(System.String)
FNDA:1,System.Void Magnum.Api.Utils.LibSetting::set_OAuthKey(System.String)
DA:57,1
DA:58,1
DA:59,1
FN:61,System.String Magnum.Api.Utils.LibSetting::get_OAuthKey()
FNDA:2,System.String Magnum.Api.Utils.LibSetting::get_OAuthKey()
DA:62,2
DA:63,2
DA:64,2
FN:69,System.Void Magnum.Api.Utils.LibSetting::set_ExternalApplicationKey(System.String)
FNDA:1,System.Void Magnum.Api.Utils.LibSetting::set_ExternalApplicationKey(System.String)
DA:70,1
DA:71,1
DA:72,1
FN:74,System.String Magnum.Api.Utils.LibSetting::get_ExternalApplicationKey()
FNDA:2,System.String Magnum.Api.Utils.LibSetting::get_ExternalApplicationKey()
DA:75,2
DA:76,2
DA:77,2
FN:9,System.Void Magnum.Api.Utils.LibSetting::.ctor()
FNDA:1,System.Void Magnum.Api.Utils.LibSetting::.ctor()
DA:10,1
DA:11,1
DA:12,1
DA:13,1
DA:15,1
DA:16,1
DA:17,1
FN:7,System.Void Magnum.Api.Utils.LibSetting::.cctor()
FNDA:1,System.Void Magnum.Api.Utils.LibSetting::.cctor()
DA:8,1
LF:38
LH:38
BRF:0
BRH:0
FNF:11
FNH:11
end_of_record
SF:d:\dev\projects\magnum_workspace\magnum-web\MagnumCore\Magnum\Api\Utils\RandomUtils.cs
FN:8,System.String Magnum.Api.Utils.RandomUtils::RandomString(System.Int32)
FNDA:56,System.String Magnum.Api.Utils.RandomUtils::RandomString(System.Int32)
DA:9,56
DA:10,56
DA:11,56
DA:13,3232
DA:14,1560
DA:15,1560
DA:16,1560
DA:17,1560
DA:18,1560
DA:20,56
DA:21,56
BRDA:13,85,1,1560
BRDA:13,85,0,56
FN:23,System.String Magnum.Api.Utils.RandomUtils::RandomStringNum(System.Int32)
FNDA:65,System.String Magnum.Api.Utils.RandomUtils::RandomStringNum(System.Int32)
DA:24,65
DA:25,65
DA:26,65
DA:28,3430
DA:29,1650
DA:30,1650
DA:31,1650
DA:32,1650
DA:33,1650
DA:35,65
DA:36,65
BRDA:28,85,1,1650
BRDA:28,85,0,65
LF:22
LH:22
BRF:4
BRH:4
FNF:2
FNH:2
end_of_record
SF:d:\dev\projects\magnum_workspace\magnum-web\MagnumCore\Magnum\Api\Utils\VersionUtils.cs
FN:8,System.String Magnum.Api.Utils.VersionUtils::GetVersion()
FNDA:1,System.String Magnum.Api.Utils.VersionUtils::GetVersion()
DA:9,1
DA:10,1
DA:11,1
DA:12,1
LF:4
LH:4
BRF:0
BRH:0
FNF:1
FNH:1
end_of_record
SF:d:\dev\projects\magnum_workspace\magnum-web\MagnumCore\Magnum\Api\NoSql\FirebaseNoSqlContext.cs
FN:76,System.Void Magnum.Api.NoSql.FirebaseNoSqlContext::Authenticate(System.String,System.String,System.String,System.String)
FNDA:6,System.Void Magnum.Api.NoSql.FirebaseNoSqlContext::Authenticate(System.String,System.String,System.String,System.String)
DA:77,6
DA:78,6
DA:79,6
DA:80,6
DA:81,6
DA:83,6
DA:84,4
FN:86,System.Object Magnum.Api.NoSql.FirebaseNoSqlContext::PostData(System.String,System.Object)
FNDA:3,System.Object Magnum.Api.NoSql.FirebaseNoSqlContext::PostData(System.String,System.Object)
DA:87,3
DA:88,3
DA:89,2
DA:90,2
FN:92,System.Object Magnum.Api.NoSql.FirebaseNoSqlContext::PutData(System.String,System.String,System.Object)
FNDA:1,System.Object Magnum.Api.NoSql.FirebaseNoSqlContext::PutData(System.String,System.String,System.Object)
DA:93,1
DA:94,1
DA:95,1
DA:96,1
FN:98,System.Int32 Magnum.Api.NoSql.FirebaseNoSqlContext::DeleteData(System.String,Magnum.Api.Models.BaseModel)
FNDA:1,System.Int32 Magnum.Api.NoSql.FirebaseNoSqlContext::DeleteData(System.String,Magnum.Api.Models.BaseModel)
DA:99,1
DA:100,1
DA:101,1
DA:102,1
FN:105,T Magnum.Api.NoSql.FirebaseNoSqlContext::GetObjectByKey(System.String)
FNDA:1,T Magnum.Api.NoSql.FirebaseNoSqlContext::GetObjectByKey(System.String)
DA:106,1
DA:107,1
DA:108,1
DA:109,1
FN:12,System.Void Magnum.Api.NoSql.FirebaseNoSqlContext::.ctor()
FNDA:7,System.Void Magnum.Api.NoSql.FirebaseNoSqlContext::.ctor()
DA:13,7
DA:14,7
DA:16,7
DA:17,7
DA:18,7
FN:30,System.Threading.Tasks.Task`1<System.String> Magnum.Api.NoSql.FirebaseNoSqlContext/<>c__DisplayClass5_0::<AuthenToFirebase>b__0()
FNDA:9,System.Threading.Tasks.Task`1<System.String> Magnum.Api.NoSql.FirebaseNoSqlContext/<>c__DisplayClass5_0::<AuthenToFirebase>b__0()
DA:31,9
FN:20,System.Void Magnum.Api.NoSql.FirebaseNoSqlContext/<AuthenToFirebase>d__5::MoveNext()
FNDA:6,System.Void Magnum.Api.NoSql.FirebaseNoSqlContext/<AuthenToFirebase>d__5::MoveNext()
DA:21,6
DA:22,6
DA:23,6
DA:24,6
DA:25,6
DA:27,4
DA:28,4
DA:29,4
DA:30,4
DA:32,4
DA:33,4
BRDA:25,126,0,6
BRDA:25,126,1,6
FN:35,System.Void Magnum.Api.NoSql.FirebaseNoSqlContext/<PostFirebaseData>d__6::MoveNext()
FNDA:3,System.Void Magnum.Api.NoSql.FirebaseNoSqlContext/<PostFirebaseData>d__6::MoveNext()
DA:36,3
DA:37,3
DA:38,3
DA:39,3
DA:40,2
BRDA:37,62,0,2
BRDA:37,62,1,2
FN:42,System.Void Magnum.Api.NoSql.FirebaseNoSqlContext/<PutFirebaseData>d__7::MoveNext()
FNDA:1,System.Void Magnum.Api.NoSql.FirebaseNoSqlContext/<PutFirebaseData>d__7::MoveNext()
DA:43,1
DA:44,1
DA:45,1
DA:46,1
DA:47,1
DA:48,1
BRDA:44,72,0,1
BRDA:44,72,1,1
FN:50,System.Void Magnum.Api.NoSql.FirebaseNoSqlContext/<DeleteFirebaseData>d__8::MoveNext()
FNDA:1,System.Void Magnum.Api.NoSql.FirebaseNoSqlContext/<DeleteFirebaseData>d__8::MoveNext()
DA:51,1
DA:52,1
DA:53,1
DA:54,1
DA:55,1
DA:56,1
BRDA:52,75,0,1
BRDA:52,75,1,1
FN:58,System.Void Magnum.Api.NoSql.FirebaseNoSqlContext/<GetFirebaseData>d__9`1::MoveNext()
FNDA:1,System.Void Magnum.Api.NoSql.FirebaseNoSqlContext/<GetFirebaseData>d__9`1::MoveNext()
DA:59,1
DA:60,1
DA:61,1
DA:62,1
DA:63,1
DA:64,1
DA:66,1
DA:67,5
DA:68,1
DA:69,1
DA:70,1
DA:71,1
DA:73,1
DA:74,1
BRDA:59,8,0,1
BRDA:60,75,0,1
BRDA:59,8,1,1
BRDA:60,75,1,1
BRDA:67,296,1,1
BRDA:67,296,0,1
LF:71
LH:71
BRF:14
BRH:14
FNF:12
FNH:12
end_of_record
SF:d:\dev\projects\magnum_workspace\magnum-web\MagnumCore\Magnum\Api\Models\BaseModel.cs
FN:7,System.String Magnum.Api.Models.BaseModel::get_Key()
FNDA:47,System.String Magnum.Api.Models.BaseModel::get_Key()
DA:8,47
LF:1
LH:1
BRF:0
BRH:0
FNF:1
FNH:1
end_of_record
SF:d:\dev\projects\magnum_workspace\magnum-web\MagnumCore\Magnum\Api\Models\MBarcode.cs
FN:8,System.String Magnum.Api.Models.MBarcode::get_Barcode()
FNDA:22,System.String Magnum.Api.Models.MBarcode::get_Barcode()
DA:9,22
FN:10,System.String Magnum.Api.Models.MBarcode::get_Product()
FNDA:26,System.String Magnum.Api.Models.MBarcode::get_Product()
DA:11,26
FN:11,System.String Magnum.Api.Models.MBarcode::get_CompanyWebSite()
FNDA:19,System.String Magnum.Api.Models.MBarcode::get_CompanyWebSite()
DA:12,19
FN:13,System.Boolean Magnum.Api.Models.MBarcode::get_IsActivated()
FNDA:13,System.Boolean Magnum.Api.Models.MBarcode::get_IsActivated()
DA:14,13
FN:16,System.String Magnum.Api.Models.MBarcode::get_BatchNo()
FNDA:18,System.String Magnum.Api.Models.MBarcode::get_BatchNo()
DA:17,18
FN:18,System.String Magnum.Api.Models.MBarcode::get_SerialNumber()
FNDA:35,System.String Magnum.Api.Models.MBarcode::get_SerialNumber()
DA:19,35
FN:19,System.String Magnum.Api.Models.MBarcode::get_Pin()
FNDA:35,System.String Magnum.Api.Models.MBarcode::get_Pin()
DA:20,35
FN:20,System.String Magnum.Api.Models.MBarcode::get_Url()
FNDA:23,System.String Magnum.Api.Models.MBarcode::get_Url()
DA:21,23
FN:21,System.String Magnum.Api.Models.MBarcode::get_PayloadUrl()
FNDA:16,System.String Magnum.Api.Models.MBarcode::get_PayloadUrl()
DA:22,16
FN:24,System.String Magnum.Api.Models.MBarcode::get_Path()
FNDA:29,System.String Magnum.Api.Models.MBarcode::get_Path()
DA:25,29
FN:27,System.DateTime Magnum.Api.Models.MBarcode::get_GeneratedDate()
FNDA:8,System.DateTime Magnum.Api.Models.MBarcode::get_GeneratedDate()
DA:28,8
FN:30,System.DateTime Magnum.Api.Models.MBarcode::get_ActivatedDate()
FNDA:5,System.DateTime Magnum.Api.Models.MBarcode::get_ActivatedDate()
DA:31,5
LF:12
LH:12
BRF:0
BRH:0
FNF:12
FNH:12
end_of_record
SF:d:\dev\projects\magnum_workspace\magnum-web\MagnumCore\Magnum\Api\Models\MProduct.cs
FN:7,System.String Magnum.Api.Models.MProduct::get_Code()
FNDA:73,System.String Magnum.Api.Models.MProduct::get_Code()
DA:8,73
FN:8,System.String Magnum.Api.Models.MProduct::get_Name()
FNDA:2,System.String Magnum.Api.Models.MProduct::get_Name()
DA:9,2
FN:9,System.String Magnum.Api.Models.MProduct::get_ShortDescription()
FNDA:2,System.String Magnum.Api.Models.MProduct::get_ShortDescription()
DA:10,2
FN:10,System.String Magnum.Api.Models.MProduct::get_LongDescription()
FNDA:2,System.String Magnum.Api.Models.MProduct::get_LongDescription()
DA:11,2
FN:11,System.Int32 Magnum.Api.Models.MProduct::get_Rating()
FNDA:2,System.Int32 Magnum.Api.Models.MProduct::get_Rating()
DA:12,2
FN:12,System.String Magnum.Api.Models.MProduct::get_ProductType()
FNDA:2,System.String Magnum.Api.Models.MProduct::get_ProductType()
DA:13,2
FN:13,System.String Magnum.Api.Models.MProduct::get_Language()
FNDA:53,System.String Magnum.Api.Models.MProduct::get_Language()
DA:14,53
FN:14,System.String Magnum.Api.Models.MProduct::get_ImageUrl()
FNDA:2,System.String Magnum.Api.Models.MProduct::get_ImageUrl()
DA:15,2
FN:15,System.String Magnum.Api.Models.MProduct::get_ImagePath()
FNDA:2,System.String Magnum.Api.Models.MProduct::get_ImagePath()
DA:16,2
FN:16,System.DateTime Magnum.Api.Models.MProduct::get_LastUpdateDate()
FNDA:5,System.DateTime Magnum.Api.Models.MProduct::get_LastUpdateDate()
DA:17,5
FN:18,System.Collections.Generic.List`1<Magnum.Api.Models.MProductComposition> Magnum.Api.Models.MProduct::get_Compositions()
FNDA:33,System.Collections.Generic.List`1<Magnum.Api.Models.MProductComposition> Magnum.Api.Models.MProduct::get_Compositions()
DA:19,33
FN:26,System.Boolean Magnum.Api.Models.MProduct::IsKeyIdentifiable()
FNDA:28,System.Boolean Magnum.Api.Models.MProduct::IsKeyIdentifiable()
DA:27,28
DA:28,28
DA:29,28
DA:30,28
BRDA:28,12,0,16
BRDA:28,12,1,12
FN:32,System.Boolean Magnum.Api.Models.MProduct::IsKeyExist()
FNDA:7,System.Boolean Magnum.Api.Models.MProduct::IsKeyExist()
DA:33,7
DA:34,7
DA:35,7
DA:36,7
FN:20,System.Void Magnum.Api.Models.MProduct::.ctor()
FNDA:31,System.Void Magnum.Api.Models.MProduct::.ctor()
DA:21,31
DA:22,31
DA:23,31
DA:24,31
LF:23
LH:23
BRF:2
BRH:2
FNF:14
FNH:14
end_of_record
SF:d:\dev\projects\magnum_workspace\magnum-web\MagnumCore\Magnum\Api\Models\MProductComposition.cs
FN:6,System.String Magnum.Api.Models.MProductComposition::get_Code()
FNDA:2,System.String Magnum.Api.Models.MProductComposition::get_Code()
DA:7,2
FN:7,System.String Magnum.Api.Models.MProductComposition::get_Name()
FNDA:2,System.String Magnum.Api.Models.MProductComposition::get_Name()
DA:8,2
FN:8,System.String Magnum.Api.Models.MProductComposition::get_Description()
FNDA:2,System.String Magnum.Api.Models.MProductComposition::get_Description()
DA:9,2
FN:9,System.Double Magnum.Api.Models.MProductComposition::get_Quantity()
FNDA:2,System.Double Magnum.Api.Models.MProductComposition::get_Quantity()
DA:10,2
FN:10,System.String Magnum.Api.Models.MProductComposition::get_Unit()
FNDA:2,System.String Magnum.Api.Models.MProductComposition::get_Unit()
DA:11,2
LF:5
LH:5
BRF:0
BRH:0
FNF:5
FNH:5
end_of_record
SF:d:\dev\projects\magnum_workspace\magnum-web\MagnumCore\Magnum\Api\Models\MProfile.cs
FN:6,System.String Magnum.Api.Models.MProfile::get_Message1()
FNDA:2,System.String Magnum.Api.Models.MProfile::get_Message1()
DA:7,2
FN:7,System.String Magnum.Api.Models.MProfile::get_Message2()
FNDA:2,System.String Magnum.Api.Models.MProfile::get_Message2()
DA:8,2
FN:8,System.String Magnum.Api.Models.MProfile::get_CompanyWebSite()
FNDA:2,System.String Magnum.Api.Models.MProfile::get_CompanyWebSite()
DA:9,2
LF:3
LH:3
BRF:0
BRH:0
FNF:3
FNH:3
end_of_record
SF:d:\dev\projects\magnum_workspace\magnum-web\MagnumCore\Magnum\Api\Models\MRegistration.cs
FN:6,System.String Magnum.Api.Models.MRegistration::get_SerialNumber()
FNDA:29,System.String Magnum.Api.Models.MRegistration::get_SerialNumber()
DA:7,29
FN:7,System.String Magnum.Api.Models.MRegistration::get_Pin()
FNDA:27,System.String Magnum.Api.Models.MRegistration::get_Pin()
DA:8,27
FN:8,System.DateTime Magnum.Api.Models.MRegistration::get_RegistrationDate()
FNDA:8,System.DateTime Magnum.Api.Models.MRegistration::get_RegistrationDate()
DA:9,8
FN:9,System.String Magnum.Api.Models.MRegistration::get_Status()
FNDA:15,System.String Magnum.Api.Models.MRegistration::get_Status()
DA:10,15
FN:10,System.String Magnum.Api.Models.MRegistration::get_Path()
FNDA:28,System.String Magnum.Api.Models.MRegistration::get_Path()
DA:11,28
FN:11,System.String Magnum.Api.Models.MRegistration::get_IP()
FNDA:26,System.String Magnum.Api.Models.MRegistration::get_IP()
DA:12,26
LF:6
LH:6
BRF:0
BRH:0
FNF:6
FNH:6
end_of_record
SF:d:\dev\projects\magnum_workspace\magnum-web\MagnumCore\Magnum\Api\Factories\FactoryBusinessOperation.cs
FN:15,System.Void Magnum.Api.Factories.FactoryBusinessOperation::addClassConfig(System.String,System.String)
FNDA:5,System.Void Magnum.Api.Factories.FactoryBusinessOperation::addClassConfig(System.String,System.String)
DA:16,5
DA:17,5
DA:18,5
FN:25,System.Void Magnum.Api.Factories.FactoryBusinessOperation::initClassMap()
FNDA:1,System.Void Magnum.Api.Factories.FactoryBusinessOperation::initClassMap()
DA:26,1
DA:27,1
DA:28,1
DA:30,1
DA:31,1
DA:32,1
DA:33,1
FN:35,System.Void Magnum.Api.Factories.FactoryBusinessOperation::SetContext(Magnum.Api.NoSql.INoSqlContext)
FNDA:41,System.Void Magnum.Api.Factories.FactoryBusinessOperation::SetContext(Magnum.Api.NoSql.INoSqlContext)
DA:36,41
DA:37,41
DA:38,41
FN:40,Magnum.Api.NoSql.INoSqlContext Magnum.Api.Factories.FactoryBusinessOperation::GetContext()
FNDA:1,Magnum.Api.NoSql.INoSqlContext Magnum.Api.Factories.FactoryBusinessOperation::GetContext()
DA:41,1
DA:42,1
DA:43,1
FN:45,Magnum.Api.Commons.Business.IBusinessOperation Magnum.Api.Factories.FactoryBusinessOperation::CreateBusinessOperationObject(System.String)
FNDA:46,Magnum.Api.Commons.Business.IBusinessOperation Magnum.Api.Factories.FactoryBusinessOperation::CreateBusinessOperationObject(System.String)
DA:46,46
DA:47,46
DA:48,46
DA:49,1
DA:50,1
DA:53,45
DA:54,45
DA:56,45
DA:58,45
DA:59,45
BRDA:48,24,0,1
BRDA:48,24,1,45
FN:11,System.Void Magnum.Api.Factories.FactoryBusinessOperation::.cctor()
FNDA:1,System.Void Magnum.Api.Factories.FactoryBusinessOperation::.cctor()
DA:12,1
DA:13,1
DA:21,1
DA:22,1
DA:23,1
LF:31
LH:31
BRF:2
BRH:2
FNF:6
FNH:6
end_of_record
SF:d:\dev\projects\magnum_workspace\magnum-web\MagnumCore\Magnum\Api\Commons\Business\BusinessOperationBase.cs
FN:10,System.Void Magnum.Api.Commons.Business.BusinessOperationBase::SetContext(Magnum.Api.NoSql.INoSqlContext)
FNDA:45,System.Void Magnum.Api.Commons.Business.BusinessOperationBase::SetContext(Magnum.Api.NoSql.INoSqlContext)
DA:11,45
DA:12,45
DA:13,45
FN:15,Magnum.Api.NoSql.INoSqlContext Magnum.Api.Commons.Business.BusinessOperationBase::GetContext()
FNDA:22,Magnum.Api.NoSql.INoSqlContext Magnum.Api.Commons.Business.BusinessOperationBase::GetContext()
DA:16,22
DA:17,22
DA:18,22
FN:7,System.Void Magnum.Api.Commons.Business.BusinessOperationBase::.ctor()
FNDA:45,System.Void Magnum.Api.Commons.Business.BusinessOperationBase::.ctor()
DA:8,45
LF:7
LH:7
BRF:0
BRH:0
FNF:3
FNH:3
end_of_record
SF:d:\dev\projects\magnum_workspace\magnum-web\MagnumCore\Magnum\Api\Businesses\Registrations\CreateRegistration.cs
FN:9,System.Int32 Magnum.Api.Businesses.Registrations.CreateRegistration::Apply(Magnum.Api.Models.MRegistration)
FNDA:11,System.Int32 Magnum.Api.Businesses.Registrations.CreateRegistration::Apply(Magnum.Api.Models.MRegistration)
DA:10,11
DA:11,11
DA:12,11
DA:13,11
DA:14,11
DA:15,5
DA:16,5
DA:19,6
DA:21,6
DA:22,6
DA:23,6
DA:25,6
DA:27,6
DA:28,6
DA:29,4
DA:30,4
DA:31,4
DA:32,4
DA:34,4
DA:35,4
DA:38,2
DA:39,1
DA:40,1
DA:41,1
DA:42,1
DA:44,1
DA:45,1
DA:49,1
DA:50,1
DA:51,1
DA:53,1
DA:54,1
DA:55,1
DA:57,1
DA:58,1
BRDA:11,12,0,8
BRDA:11,25,0,7
BRDA:11,38,0,6
BRDA:11,12,1,5
BRDA:11,25,1,5
BRDA:11,38,1,5
BRDA:11,58,0,5
BRDA:11,58,1,6
BRDA:28,155,0,4
BRDA:28,155,1,2
BRDA:38,230,0,1
BRDA:38,230,1,1
LF:35
LH:35
BRF:12
BRH:12
FNF:1
FNH:1
end_of_record
SF:d:\dev\projects\magnum_workspace\magnum-web\MagnumCore\Magnum\Api\Businesses\Products\DeleteProduct.cs
FN:9,System.Int32 Magnum.Api.Businesses.Products.DeleteProduct::Apply(Magnum.Api.Models.MProduct)
FNDA:7,System.Int32 Magnum.Api.Businesses.Products.DeleteProduct::Apply(Magnum.Api.Models.MProduct)
DA:10,7
DA:11,7
DA:12,6
DA:13,6
DA:16,1
DA:17,1
DA:18,1
DA:20,1
DA:21,1
BRDA:11,7,0,1
BRDA:11,7,1,6
BRDA:11,23,0,6
BRDA:11,23,1,1
LF:9
LH:9
BRF:4
BRH:4
FNF:1
FNH:1
end_of_record
SF:d:\dev\projects\magnum_workspace\magnum-web\MagnumCore\Magnum\Api\Businesses\Products\GetProductInfo.cs
FN:9,Magnum.Api.Models.MProduct Magnum.Api.Businesses.Products.GetProductInfo::Apply(Magnum.Api.Models.MProduct)
FNDA:12,Magnum.Api.Models.MProduct Magnum.Api.Businesses.Products.GetProductInfo::Apply(Magnum.Api.Models.MProduct)
DA:10,12
DA:11,12
DA:12,6
DA:13,6
DA:16,6
DA:17,6
DA:18,6
DA:20,6
DA:21,6
BRDA:11,7,0,6
BRDA:11,7,1,6
BRDA:11,23,0,6
BRDA:11,23,1,6
LF:9
LH:9
BRF:4
BRH:4
FNF:1
FNH:1
end_of_record
SF:d:\dev\projects\magnum_workspace\magnum-web\MagnumCore\Magnum\Api\Businesses\Products\SaveProduct.cs
FN:10,Magnum.Api.Models.MProduct Magnum.Api.Businesses.Products.SaveProduct::Apply(Magnum.Api.Models.MProduct)
FNDA:9,Magnum.Api.Models.MProduct Magnum.Api.Businesses.Products.SaveProduct::Apply(Magnum.Api.Models.MProduct)
DA:11,9
DA:12,9
DA:13,6
DA:14,6
DA:17,3
DA:18,3
DA:20,3
DA:21,3
DA:23,3
DA:24,1
DA:26,1
DA:27,1
DA:28,1
DA:30,2
DA:31,2
DA:32,2
DA:33,2
DA:36,3
DA:37,3
BRDA:12,14,0,6
BRDA:12,14,1,3
BRDA:23,90,0,1
BRDA:23,90,1,2
LF:19
LH:19
BRF:4
BRH:4
FNF:1
FNH:1
end_of_record
SF:d:\dev\projects\magnum_workspace\magnum-web\MagnumCore\Magnum\Api\Businesses\Barcodes\CreateBarcode.cs
FN:10,Magnum.Api.Models.MBarcode Magnum.Api.Businesses.Barcodes.CreateBarcode::Apply(Magnum.Api.Models.MBarcode)
FNDA:5,Magnum.Api.Models.MBarcode Magnum.Api.Businesses.Barcodes.CreateBarcode::Apply(Magnum.Api.Models.MBarcode)
DA:11,5
DA:12,5
DA:13,5
DA:14,5
DA:15,5
DA:16,5
DA:17,5
DA:18,5
DA:20,5
DA:21,5
DA:22,5
DA:24,5
DA:25,5
DA:26,5
DA:28,5
DA:30,5
DA:31,5
DA:33,5
DA:34,5
LF:19
LH:19
BRF:0
BRH:0
FNF:1
FNH:1
end_of_record
SF:d:\dev\projects\magnum_workspace\magnum-web\MagnumWeb\Program.cs
FN:12,System.Void MagnumWeb.Program::SetFirebaseContext()
FNDA:0,System.Void MagnumWeb.Program::SetFirebaseContext()
DA:13,0
DA:14,0
DA:15,0
DA:16,0
DA:17,0
DA:19,0
DA:20,0
DA:21,0
DA:23,0
DA:24,0
FN:26,System.Void MagnumWeb.Program::Main(System.String[])
FNDA:0,System.Void MagnumWeb.Program::Main(System.String[])
DA:27,0
DA:28,0
DA:29,0
DA:30,0
FN:32,Microsoft.AspNetCore.Hosting.IWebHostBuilder MagnumWeb.Program::CreateWebHostBuilder(System.String[])
FNDA:0,Microsoft.AspNetCore.Hosting.IWebHostBuilder MagnumWeb.Program::CreateWebHostBuilder(System.String[])
DA:33,0
DA:34,0
DA:35,0
DA:36,0
DA:37,0
DA:38,0
DA:40,0
DA:41,0
DA:43,0
DA:44,0
DA:46,0
DA:47,0
DA:49,0
DA:50,0
DA:51,0
DA:52,0
DA:53,0
DA:54,0
DA:55,0
DA:56,0
DA:57,0
DA:59,0
DA:60,0
BRDA:35,20,0,0
BRDA:35,20,1,0
BRDA:43,55,0,0
BRDA:43,55,1,0
LF:37
LH:0
BRF:6
BRH:0
FNF:3
FNH:0
end_of_record
SF:d:\dev\projects\magnum_workspace\magnum-web\MagnumWeb\Startup.cs
FN:21,Microsoft.Extensions.Configuration.IConfiguration MagnumWeb.Startup::get_Configuration()
FNDA:0,Microsoft.Extensions.Configuration.IConfiguration MagnumWeb.Startup::get_Configuration()
DA:22,0
FN:25,System.Void MagnumWeb.Startup::ConfigureServices(Microsoft.Extensions.DependencyInjection.IServiceCollection)
FNDA:0,System.Void MagnumWeb.Startup::ConfigureServices(Microsoft.Extensions.DependencyInjection.IServiceCollection)
DA:26,0
DA:27,0
DA:28,0
DA:29,0
DA:30,0
DA:31,0
DA:32,0
DA:35,0
DA:36,0
BRDA:27,8,0,0
BRDA:27,8,1,0
FN:39,System.Void MagnumWeb.Startup::Configure(Microsoft.AspNetCore.Builder.IApplicationBuilder,Microsoft.AspNetCore.Hosting.IHostingEnvironment)
FNDA:0,System.Void MagnumWeb.Startup::Configure(Microsoft.AspNetCore.Builder.IApplicationBuilder,Microsoft.AspNetCore.Hosting.IHostingEnvironment)
DA:40,0
DA:41,0
DA:42,0
DA:43,0
DA:44,0
DA:46,0
DA:47,0
DA:49,0
DA:50,0
DA:52,0
DA:53,0
DA:54,0
DA:55,0
DA:57,0
DA:58,0
DA:59,0
DA:60,0
DA:61,0
DA:62,0
DA:63,0
BRDA:41,9,0,0
BRDA:41,9,1,0
BRDA:57,78,0,0
BRDA:57,78,1,0
FN:16,System.Void MagnumWeb.Startup::.ctor(Microsoft.Extensions.Configuration.IConfiguration)
FNDA:0,System.Void MagnumWeb.Startup::.ctor(Microsoft.Extensions.Configuration.IConfiguration)
DA:17,0
DA:18,0
DA:19,0
DA:20,0
LF:34
LH:0
BRF:8
BRH:0
FNF:4
FNH:0
end_of_record
SF:d:\dev\projects\magnum_workspace\magnum-web\MagnumWeb\Models\ErrorViewModel.cs
FN:6,System.String MagnumWeb.Models.ErrorViewModel::get_RequestId()
FNDA:0,System.String MagnumWeb.Models.ErrorViewModel::get_RequestId()
DA:7,0
FN:8,System.Boolean MagnumWeb.Models.ErrorViewModel::get_ShowRequestId()
FNDA:0,System.Boolean MagnumWeb.Models.ErrorViewModel::get_ShowRequestId()
DA:9,0
LF:2
LH:0
BRF:0
BRH:0
FNF:2
FNH:0
end_of_record
SF:d:\dev\projects\magnum_workspace\magnum-web\MagnumWeb\Controllers\HomeController.cs
FN:13,Microsoft.AspNetCore.Mvc.IActionResult MagnumWeb.Controllers.HomeController::Index()
FNDA:0,Microsoft.AspNetCore.Mvc.IActionResult MagnumWeb.Controllers.HomeController::Index()
DA:14,0
DA:15,0
DA:16,0
FN:18,Microsoft.AspNetCore.Mvc.IActionResult MagnumWeb.Controllers.HomeController::Privacy()
FNDA:0,Microsoft.AspNetCore.Mvc.IActionResult MagnumWeb.Controllers.HomeController::Privacy()
DA:19,0
DA:20,0
DA:21,0
FN:23,Microsoft.AspNetCore.Mvc.IActionResult MagnumWeb.Controllers.HomeController::Seubpong()
FNDA:0,Microsoft.AspNetCore.Mvc.IActionResult MagnumWeb.Controllers.HomeController::Seubpong()
DA:24,0
DA:25,0
DA:26,0
FN:29,Microsoft.AspNetCore.Mvc.IActionResult MagnumWeb.Controllers.HomeController::Error()
FNDA:0,Microsoft.AspNetCore.Mvc.IActionResult MagnumWeb.Controllers.HomeController::Error()
DA:30,0
DA:31,0
DA:32,0
BRDA:31,14,0,0
BRDA:31,14,1,0
BRDA:31,26,0,0
BRDA:31,26,1,0
LF:12
LH:0
BRF:4
BRH:0
FNF:4
FNH:0
end_of_record
SF:d:\dev\projects\magnum_workspace\magnum-web\MagnumWeb\Controllers\VerificationController.cs
FN:13,Microsoft.AspNetCore.Mvc.IActionResult MagnumWeb.Controllers.VerificationController::Check(System.String,System.String,System.String,System.String)
FNDA:2,Microsoft.AspNetCore.Mvc.IActionResult MagnumWeb.Controllers.VerificationController::Check(System.String,System.String,System.String,System.String)
DA:14,2
DA:15,2
DA:16,2
DA:17,2
DA:18,2
DA:19,2
DA:20,2
DA:21,2
DA:24,2
DA:25,2
DA:26,1
DA:27,1
DA:28,1
DA:30,1
DA:31,1
DA:32,1
DA:33,1
DA:35,2
BRDA:26,99,1,1
BRDA:26,99,0,1
BRDA:27,193,1,1
BRDA:27,193,0,1
BRDA:32,305,1,1
BRDA:32,305,0,1
FN:37,Magnum.Api.Commons.Business.IBusinessOperationManipulate`1<Magnum.Api.Models.MRegistration> MagnumWeb.Controllers.VerificationController::GetCreateRegistrationOperation()
FNDA:1,Magnum.Api.Commons.Business.IBusinessOperationManipulate`1<Magnum.Api.Models.MRegistration> MagnumWeb.Controllers.VerificationController::GetCreateRegistrationOperation()
DA:38,1
DA:39,1
DA:40,1
LF:21
LH:21
BRF:6
BRH:6
FNF:2
FNH:2
end_of_record
SF:D:\dev\projects\magnum_workspace\magnum-web\MagnumWeb\Views\Home\Index.cshtml
FN:1,System.Void AspNetCore.Views_Home_Index/<ExecuteAsync>d__0::MoveNext()
FNDA:0,System.Void AspNetCore.Views_Home_Index/<ExecuteAsync>d__0::MoveNext()
DA:2,0
LF:1
LH:0
BRF:0
BRH:0
FNF:1
FNH:0
end_of_record
SF:D:\dev\projects\magnum_workspace\magnum-web\MagnumWeb\Views\Home\Privacy.cshtml
FN:1,System.Void AspNetCore.Views_Home_Privacy/<ExecuteAsync>d__0::MoveNext()
FNDA:0,System.Void AspNetCore.Views_Home_Privacy/<ExecuteAsync>d__0::MoveNext()
DA:2,0
DA:4,0
LF:2
LH:0
BRF:0
BRH:0
FNF:1
FNH:0
end_of_record
SF:D:\dev\projects\magnum_workspace\magnum-web\MagnumWeb\Views\Shared\Error.cshtml
FN:2,System.Void AspNetCore.Views_Shared_Error/<ExecuteAsync>d__0::MoveNext()
FNDA:0,System.Void AspNetCore.Views_Shared_Error/<ExecuteAsync>d__0::MoveNext()
DA:3,0
DA:9,0
DA:10,0
DA:12,0
DA:14,0
LF:5
LH:0
BRF:0
BRH:0
FNF:1
FNH:0
end_of_record
SF:D:\dev\projects\magnum_workspace\magnum-web\MagnumWeb\Views\Shared\_Layout.cshtml
FN:5,System.Void AspNetCore.Views_Shared__Layout/<<ExecuteAsync>b__39_0>d::MoveNext()
FNDA:0,System.Void AspNetCore.Views_Shared__Layout/<<ExecuteAsync>b__39_0>d::MoveNext()
DA:6,0
BRDA:6,8,0,0
BRDA:6,452,0,0
BRDA:6,8,1,0
BRDA:6,452,1,0
BRDA:6,555,0,0
BRDA:6,588,0,0
BRDA:6,8,2,0
BRDA:6,588,1,0
BRDA:6,555,1,0
BRDA:6,1006,0,0
BRDA:6,8,3,0
BRDA:6,1006,1,0
BRDA:6,1113,0,0
BRDA:6,1146,0,0
BRDA:6,8,4,0
BRDA:6,1146,1,0
BRDA:6,1113,1,0
BRDA:6,1395,0,0
BRDA:6,1395,1,0
BRDA:6,1565,0,0
BRDA:6,8,5,0
BRDA:6,1565,1,0
BRDA:6,1672,0,0
BRDA:6,1705,0,0
BRDA:6,8,6,0
BRDA:6,1705,1,0
BRDA:6,1672,1,0
FN:66,System.Void AspNetCore.Views_Shared__Layout/<<ExecuteAsync>b__39_1>d::MoveNext()
FNDA:0,System.Void AspNetCore.Views_Shared__Layout/<<ExecuteAsync>b__39_1>d::MoveNext()
DA:67,0
DA:91,0
DA:93,0
BRDA:67,8,0,0
BRDA:67,605,0,0
BRDA:67,8,1,0
BRDA:67,605,1,0
BRDA:67,708,0,0
BRDA:67,741,0,0
BRDA:67,8,2,0
BRDA:67,741,1,0
BRDA:67,708,1,0
BRDA:67,1160,0,0
BRDA:67,8,3,0
BRDA:67,1160,1,0
BRDA:67,1267,0,0
BRDA:67,1300,0,0
BRDA:67,8,4,0
BRDA:67,1300,1,0
BRDA:67,1267,1,0
BRDA:67,1718,0,0
BRDA:67,8,5,0
BRDA:67,1718,1,0
BRDA:67,1825,0,0
BRDA:67,1858,0,0
BRDA:67,8,6,0
BRDA:67,1858,1,0
BRDA:67,1825,1,0
BRDA:67,2107,0,0
BRDA:67,2107,1,0
BRDA:91,2404,0,0
BRDA:67,8,7,0
BRDA:91,2404,1,0
BRDA:91,2511,0,0
BRDA:91,2544,0,0
BRDA:67,8,8,0
BRDA:91,2544,1,0
BRDA:91,2511,1,0
LF:4
LH:0
BRF:62
BRH:0
FNF:2
FNH:0
end_of_record
SF:D:\dev\projects\magnum_workspace\magnum-web\MagnumWeb\Views\Verification\Fail.cshtml
FN:1,System.Void AspNetCore.Views_Verification_Fail/<ExecuteAsync>d__0::MoveNext()
FNDA:0,System.Void AspNetCore.Views_Verification_Fail/<ExecuteAsync>d__0::MoveNext()
DA:2,0
DA:18,0
BRDA:18,201,1,0
BRDA:18,201,0,0
LF:2
LH:0
BRF:2
BRH:0
FNF:1
FNH:0
end_of_record
SF:D:\dev\projects\magnum_workspace\magnum-web\MagnumWeb\Views\Verification\Success.cshtml
FN:1,System.Void AspNetCore.Views_Verification_Success/<ExecuteAsync>d__0::MoveNext()
FNDA:0,System.Void AspNetCore.Views_Verification_Success/<ExecuteAsync>d__0::MoveNext()
DA:2,0
DA:19,0
BRDA:19,218,1,0
BRDA:19,218,0,0
BRDA:19,391,1,0
BRDA:19,391,0,0
BRDA:19,483,1,0
BRDA:19,483,0,0
LF:2
LH:0
BRF:6
BRH:0
FNF:1
FNH:0
end_of_record
SF:D:\dev\projects\magnum_workspace\magnum-web\MagnumWeb\Views\_ViewStart.cshtml
FN:1,System.Void AspNetCore.Views__ViewStart/<ExecuteAsync>d__0::MoveNext()
FNDA:0,System.Void AspNetCore.Views__ViewStart/<ExecuteAsync>d__0::MoveNext()
DA:2,0
LF:1
LH:0
BRF:0
BRH:0
FNF:1
FNH:0
end_of_record